2021-06-23 11:01:10,247 [Worker-4: Loading available Gradle versions] INFO  o.e.b.c.i.u.g.PublishedGradleVersions - Gradle version information cache is up-to-date. Trying to read.
2021-06-23 11:01:30,579 [Worker-12: Building] INFO  o.e.m.c.i.l.LifecycleMappingFactory - Using org.eclipse.m2e.jdt.JarLifecycleMapping lifecycle mapping for MavenProject: com.sophossolutions:PageObjectModel:0.0.1-SNAPSHOT @ C:\Users\andres.guarnizo\OneDrive - SOPHOS SOLUTIONS SAS\Documentos\Semillero\POM\POMDespegar\PageObjectModel\pom.xml.
2021-06-23 11:01:30,701 [Worker-3: Updating Maven Dependencies] INFO  o.e.m.c.i.l.LifecycleMappingFactory - Using org.eclipse.m2e.jdt.JarLifecycleMapping lifecycle mapping for MavenProject: com.sophossolutions:PageObjectModel:0.0.1-SNAPSHOT @ C:\Users\andres.guarnizo\OneDrive - SOPHOS SOLUTIONS SAS\Documentos\Semillero\POM\POMDespegar\PageObjectModel\pom.xml.
2021-06-23 11:01:35,867 [Worker-3: Updating Maven Dependencies] WARN  o.e.m.c.i.embedder.EclipseLogger - The POM for com.sun.xml.bind:jaxb-osgi:jar:2.2.10 is invalid, transitive dependencies (if any) will not be available, enable debug logging for more details
2021-06-23 11:01:35,867 [Worker-12: Building] WARN  o.e.m.c.i.embedder.EclipseLogger - The POM for com.sun.xml.bind:jaxb-osgi:jar:2.2.10 is invalid, transitive dependencies (if any) will not be available, enable debug logging for more details
2021-06-23 11:01:40,409 [Worker-12: Building] INFO  o.e.m.c.i.embedder.EclipseLogger - Using 'UTF-8' encoding to copy filtered resources.
2021-06-23 11:01:40,410 [Worker-12: Building] INFO  o.e.m.c.i.embedder.EclipseLogger - skip non existing resourceDirectory C:\Users\andres.guarnizo\OneDrive - SOPHOS SOLUTIONS SAS\Documentos\Semillero\POM\POMDespegar\PageObjectModel\src\main\resources
2021-06-23 11:01:40,413 [Worker-12: Building] INFO  o.e.m.c.i.embedder.EclipseLogger - Using 'UTF-8' encoding to copy filtered resources.
2021-06-23 11:01:40,418 [Worker-12: Building] INFO  o.e.m.c.i.embedder.EclipseLogger - Copying 2 resources
2021-06-23 11:01:43,378 [Worker-0: Updating Maven Dependencies] INFO  o.e.m.c.i.l.LifecycleMappingFactory - Using org.eclipse.m2e.jdt.JarLifecycleMapping lifecycle mapping for MavenProject: com.sophossolutions:PageObjectModel:0.0.1-SNAPSHOT @ C:\Users\andres.guarnizo\OneDrive - SOPHOS SOLUTIONS SAS\Documentos\Semillero\POM\POMDespegar\PageObjectModel\pom.xml.
2021-06-23 11:01:44,408 [Worker-4: Building] WARN  o.e.m.c.i.embedder.EclipseLogger - The POM for com.sun.xml.bind:jaxb-osgi:jar:2.2.10 is invalid, transitive dependencies (if any) will not be available, enable debug logging for more details
2021-06-23 11:01:44,411 [Worker-0: Updating Maven Dependencies] WARN  o.e.m.c.i.embedder.EclipseLogger - The POM for com.sun.xml.bind:jaxb-osgi:jar:2.2.10 is invalid, transitive dependencies (if any) will not be available, enable debug logging for more details
2021-06-23 11:01:45,569 [Worker-4: Building] INFO  o.e.m.c.i.embedder.EclipseLogger - Using 'UTF-8' encoding to copy filtered resources.
2021-06-23 11:01:45,569 [Worker-4: Building] INFO  o.e.m.c.i.embedder.EclipseLogger - skip non existing resourceDirectory C:\Users\andres.guarnizo\OneDrive - SOPHOS SOLUTIONS SAS\Documentos\Semillero\POM\POMDespegar\PageObjectModel\src\main\resources
2021-06-23 11:01:45,573 [Worker-4: Building] INFO  o.e.m.c.i.embedder.EclipseLogger - Using 'UTF-8' encoding to copy filtered resources.
2021-06-23 11:01:45,581 [Worker-4: Building] INFO  o.e.m.c.i.embedder.EclipseLogger - Copying 2 resources
2021-06-23 11:01:47,640 [Worker-10: Building] WARN  o.e.m.c.i.embedder.EclipseLogger - The POM for com.sun.xml.bind:jaxb-osgi:jar:2.2.10 is invalid, transitive dependencies (if any) will not be available, enable debug logging for more details
2021-06-23 11:01:48,242 [Worker-10: Building] INFO  o.e.m.c.i.embedder.EclipseLogger - Using 'UTF-8' encoding to copy filtered resources.
2021-06-23 11:01:48,243 [Worker-10: Building] INFO  o.e.m.c.i.embedder.EclipseLogger - skip non existing resourceDirectory C:\Users\andres.guarnizo\OneDrive - SOPHOS SOLUTIONS SAS\Documentos\Semillero\POM\POMDespegar\PageObjectModel\src\main\resources
2021-06-23 11:01:48,246 [Worker-10: Building] INFO  o.e.m.c.i.embedder.EclipseLogger - Using 'UTF-8' encoding to copy filtered resources.
2021-06-23 11:01:48,247 [Worker-10: Building] INFO  o.e.m.c.i.embedder.EclipseLogger - Copying 0 resource
2021-06-23 11:02:10,073 [Worker-9: Building] INFO  o.e.m.c.i.embedder.EclipseLogger - Using 'UTF-8' encoding to copy filtered resources.
2021-06-23 11:02:10,074 [Worker-9: Building] INFO  o.e.m.c.i.embedder.EclipseLogger - skip non existing resourceDirectory C:\Users\andres.guarnizo\OneDrive - SOPHOS SOLUTIONS SAS\Documentos\Semillero\POM\POMDespegar\PageObjectModel\src\main\resources
2021-06-23 11:02:10,076 [Worker-9: Building] INFO  o.e.m.c.i.embedder.EclipseLogger - Using 'UTF-8' encoding to copy filtered resources.
2021-06-23 11:02:10,080 [Worker-9: Building] INFO  o.e.m.c.i.embedder.EclipseLogger - Copying 1 resource
2021-06-23 11:02:11,141 [Worker-5: Building] INFO  o.e.m.c.i.embedder.EclipseLogger - Using 'UTF-8' encoding to copy filtered resources.
2021-06-23 11:02:11,141 [Worker-5: Building] INFO  o.e.m.c.i.embedder.EclipseLogger - skip non existing resourceDirectory C:\Users\andres.guarnizo\OneDrive - SOPHOS SOLUTIONS SAS\Documentos\Semillero\POM\POMDespegar\PageObjectModel\src\main\resources
2021-06-23 11:02:11,142 [Worker-5: Building] INFO  o.e.m.c.i.embedder.EclipseLogger - Using 'UTF-8' encoding to copy filtered resources.
2021-06-23 11:02:11,143 [Worker-5: Building] INFO  o.e.m.c.i.embedder.EclipseLogger - Copying 0 resource
2021-06-23 11:04:53,450 [Worker-2: Building] INFO  o.e.m.c.i.embedder.EclipseLogger - Using 'UTF-8' encoding to copy filtered resources.
2021-06-23 11:04:53,450 [Worker-2: Building] INFO  o.e.m.c.i.embedder.EclipseLogger - skip non existing resourceDirectory C:\Users\andres.guarnizo\OneDrive - SOPHOS SOLUTIONS SAS\Documentos\Semillero\POM\POMDespegar\PageObjectModel\src\main\resources
2021-06-23 11:04:53,452 [Worker-2: Building] INFO  o.e.m.c.i.embedder.EclipseLogger - Using 'UTF-8' encoding to copy filtered resources.
2021-06-23 11:04:53,454 [Worker-2: Building] INFO  o.e.m.c.i.embedder.EclipseLogger - Copying 1 resource
2021-06-23 11:04:54,517 [Worker-20: Building] INFO  o.e.m.c.i.embedder.EclipseLogger - Using 'UTF-8' encoding to copy filtered resources.
2021-06-23 11:04:54,517 [Worker-20: Building] INFO  o.e.m.c.i.embedder.EclipseLogger - skip non existing resourceDirectory C:\Users\andres.guarnizo\OneDrive - SOPHOS SOLUTIONS SAS\Documentos\Semillero\POM\POMDespegar\PageObjectModel\src\main\resources
2021-06-23 11:04:54,519 [Worker-20: Building] INFO  o.e.m.c.i.embedder.EclipseLogger - Using 'UTF-8' encoding to copy filtered resources.
2021-06-23 11:04:54,520 [Worker-20: Building] INFO  o.e.m.c.i.embedder.EclipseLogger - Copying 0 resource
2021-06-23 11:05:43,783 [Worker-9: Building] INFO  o.e.m.c.i.embedder.EclipseLogger - Using 'UTF-8' encoding to copy filtered resources.
2021-06-23 11:05:43,783 [Worker-9: Building] INFO  o.e.m.c.i.embedder.EclipseLogger - skip non existing resourceDirectory C:\Users\andres.guarnizo\OneDrive - SOPHOS SOLUTIONS SAS\Documentos\Semillero\POM\POMDespegar\PageObjectModel\src\main\resources
2021-06-23 11:05:43,786 [Worker-9: Building] INFO  o.e.m.c.i.embedder.EclipseLogger - Using 'UTF-8' encoding to copy filtered resources.
2021-06-23 11:05:43,788 [Worker-9: Building] INFO  o.e.m.c.i.embedder.EclipseLogger - Copying 1 resource
2021-06-23 11:05:44,897 [Worker-20: Building] INFO  o.e.m.c.i.embedder.EclipseLogger - Using 'UTF-8' encoding to copy filtered resources.
2021-06-23 11:05:44,897 [Worker-20: Building] INFO  o.e.m.c.i.embedder.EclipseLogger - skip non existing resourceDirectory C:\Users\andres.guarnizo\OneDrive - SOPHOS SOLUTIONS SAS\Documentos\Semillero\POM\POMDespegar\PageObjectModel\src\main\resources
2021-06-23 11:05:44,900 [Worker-20: Building] INFO  o.e.m.c.i.embedder.EclipseLogger - Using 'UTF-8' encoding to copy filtered resources.
2021-06-23 11:05:44,901 [Worker-20: Building] INFO  o.e.m.c.i.embedder.EclipseLogger - Copying 0 resource
2021-06-23 11:05:50,557 [Worker-2: Building] INFO  o.e.m.c.i.embedder.EclipseLogger - Using 'UTF-8' encoding to copy filtered resources.
2021-06-23 11:05:50,557 [Worker-2: Building] INFO  o.e.m.c.i.embedder.EclipseLogger - skip non existing resourceDirectory C:\Users\andres.guarnizo\OneDrive - SOPHOS SOLUTIONS SAS\Documentos\Semillero\POM\POMDespegar\PageObjectModel\src\main\resources
2021-06-23 11:05:50,559 [Worker-2: Building] INFO  o.e.m.c.i.embedder.EclipseLogger - Using 'UTF-8' encoding to copy filtered resources.
2021-06-23 11:05:50,560 [Worker-2: Building] INFO  o.e.m.c.i.embedder.EclipseLogger - Copying 0 resource
2021-06-23 11:07:00,174 [Worker-21: Building] INFO  o.e.m.c.i.embedder.EclipseLogger - Using 'UTF-8' encoding to copy filtered resources.
2021-06-23 11:07:00,174 [Worker-21: Building] INFO  o.e.m.c.i.embedder.EclipseLogger - skip non existing resourceDirectory C:\Users\andres.guarnizo\OneDrive - SOPHOS SOLUTIONS SAS\Documentos\Semillero\POM\POMDespegar\PageObjectModel\src\main\resources
2021-06-23 11:07:00,175 [Worker-21: Building] INFO  o.e.m.c.i.embedder.EclipseLogger - Using 'UTF-8' encoding to copy filtered resources.
2021-06-23 11:07:00,176 [Worker-21: Building] INFO  o.e.m.c.i.embedder.EclipseLogger - Copying 0 resource
2021-06-23 11:07:10,901 [Worker-2: Building] INFO  o.e.m.c.i.embedder.EclipseLogger - Using 'UTF-8' encoding to copy filtered resources.
2021-06-23 11:07:10,902 [Worker-2: Building] INFO  o.e.m.c.i.embedder.EclipseLogger - skip non existing resourceDirectory C:\Users\andres.guarnizo\OneDrive - SOPHOS SOLUTIONS SAS\Documentos\Semillero\POM\POMDespegar\PageObjectModel\src\main\resources
2021-06-23 11:07:10,904 [Worker-2: Building] INFO  o.e.m.c.i.embedder.EclipseLogger - Using 'UTF-8' encoding to copy filtered resources.
2021-06-23 11:07:10,908 [Worker-2: Building] INFO  o.e.m.c.i.embedder.EclipseLogger - Copying 2 resources
2021-06-23 11:07:44,638 [Worker-22: Building] INFO  o.e.m.c.i.embedder.EclipseLogger - Using 'UTF-8' encoding to copy filtered resources.
2021-06-23 11:07:44,639 [Worker-22: Building] INFO  o.e.m.c.i.embedder.EclipseLogger - skip non existing resourceDirectory C:\Users\andres.guarnizo\OneDrive - SOPHOS SOLUTIONS SAS\Documentos\Semillero\POM\POMDespegar\PageObjectModel\src\main\resources
2021-06-23 11:07:44,642 [Worker-22: Building] INFO  o.e.m.c.i.embedder.EclipseLogger - Using 'UTF-8' encoding to copy filtered resources.
2021-06-23 11:07:44,648 [Worker-22: Building] INFO  o.e.m.c.i.embedder.EclipseLogger - Copying 2 resources
2021-06-23 11:08:47,162 [Worker-2: Building] INFO  o.e.m.c.i.embedder.EclipseLogger - Using 'UTF-8' encoding to copy filtered resources.
2021-06-23 11:08:47,163 [Worker-2: Building] INFO  o.e.m.c.i.embedder.EclipseLogger - skip non existing resourceDirectory C:\Users\andres.guarnizo\OneDrive - SOPHOS SOLUTIONS SAS\Documentos\Semillero\POM\POMDespegar\PageObjectModel\src\main\resources
2021-06-23 11:08:47,165 [Worker-2: Building] INFO  o.e.m.c.i.embedder.EclipseLogger - Using 'UTF-8' encoding to copy filtered resources.
2021-06-23 11:08:47,170 [Worker-2: Building] INFO  o.e.m.c.i.embedder.EclipseLogger - Copying 2 resources
2021-06-23 11:08:53,326 [Worker-9: Building] INFO  o.e.m.c.i.embedder.EclipseLogger - Using 'UTF-8' encoding to copy filtered resources.
2021-06-23 11:08:53,326 [Worker-9: Building] INFO  o.e.m.c.i.embedder.EclipseLogger - skip non existing resourceDirectory C:\Users\andres.guarnizo\OneDrive - SOPHOS SOLUTIONS SAS\Documentos\Semillero\POM\POMDespegar\PageObjectModel\src\main\resources
2021-06-23 11:08:53,328 [Worker-9: Building] INFO  o.e.m.c.i.embedder.EclipseLogger - Using 'UTF-8' encoding to copy filtered resources.
2021-06-23 11:08:53,329 [Worker-9: Building] INFO  o.e.m.c.i.embedder.EclipseLogger - Copying 1 resource
2021-06-23 11:08:54,438 [Worker-21: Building] INFO  o.e.m.c.i.embedder.EclipseLogger - Using 'UTF-8' encoding to copy filtered resources.
2021-06-23 11:08:54,438 [Worker-21: Building] INFO  o.e.m.c.i.embedder.EclipseLogger - skip non existing resourceDirectory C:\Users\andres.guarnizo\OneDrive - SOPHOS SOLUTIONS SAS\Documentos\Semillero\POM\POMDespegar\PageObjectModel\src\main\resources
2021-06-23 11:08:54,440 [Worker-21: Building] INFO  o.e.m.c.i.embedder.EclipseLogger - Using 'UTF-8' encoding to copy filtered resources.
2021-06-23 11:08:54,441 [Worker-21: Building] INFO  o.e.m.c.i.embedder.EclipseLogger - Copying 0 resource
2021-06-23 11:09:40,346 [Worker-9: Building] INFO  o.e.m.c.i.embedder.EclipseLogger - Using 'UTF-8' encoding to copy filtered resources.
2021-06-23 11:09:40,346 [Worker-9: Building] INFO  o.e.m.c.i.embedder.EclipseLogger - skip non existing resourceDirectory C:\Users\andres.guarnizo\OneDrive - SOPHOS SOLUTIONS SAS\Documentos\Semillero\POM\POMDespegar\PageObjectModel\src\main\resources
2021-06-23 11:09:40,350 [Worker-9: Building] INFO  o.e.m.c.i.embedder.EclipseLogger - Using 'UTF-8' encoding to copy filtered resources.
2021-06-23 11:09:40,354 [Worker-9: Building] INFO  o.e.m.c.i.embedder.EclipseLogger - Copying 2 resources
2021-06-23 11:11:00,955 [Worker-21: Building] INFO  o.e.m.c.i.embedder.EclipseLogger - Using 'UTF-8' encoding to copy filtered resources.
2021-06-23 11:11:00,956 [Worker-21: Building] INFO  o.e.m.c.i.embedder.EclipseLogger - skip non existing resourceDirectory C:\Users\andres.guarnizo\OneDrive - SOPHOS SOLUTIONS SAS\Documentos\Semillero\POM\POMDespegar\PageObjectModel\src\main\resources
2021-06-23 11:11:00,959 [Worker-21: Building] INFO  o.e.m.c.i.embedder.EclipseLogger - Using 'UTF-8' encoding to copy filtered resources.
2021-06-23 11:11:00,962 [Worker-21: Building] INFO  o.e.m.c.i.embedder.EclipseLogger - Copying 2 resources
2021-06-23 11:12:08,679 [Worker-2: Building] INFO  o.e.m.c.i.embedder.EclipseLogger - Using 'UTF-8' encoding to copy filtered resources.
2021-06-23 11:12:08,680 [Worker-2: Building] INFO  o.e.m.c.i.embedder.EclipseLogger - skip non existing resourceDirectory C:\Users\andres.guarnizo\OneDrive - SOPHOS SOLUTIONS SAS\Documentos\Semillero\POM\POMDespegar\PageObjectModel\src\main\resources
2021-06-23 11:12:08,681 [Worker-2: Building] INFO  o.e.m.c.i.embedder.EclipseLogger - Using 'UTF-8' encoding to copy filtered resources.
2021-06-23 11:12:08,685 [Worker-2: Building] INFO  o.e.m.c.i.embedder.EclipseLogger - Copying 2 resources
2021-06-23 11:12:28,512 [Worker-24: Building] INFO  o.e.m.c.i.embedder.EclipseLogger - Using 'UTF-8' encoding to copy filtered resources.
2021-06-23 11:12:28,512 [Worker-24: Building] INFO  o.e.m.c.i.embedder.EclipseLogger - skip non existing resourceDirectory C:\Users\andres.guarnizo\OneDrive - SOPHOS SOLUTIONS SAS\Documentos\Semillero\POM\POMDespegar\PageObjectModel\src\main\resources
2021-06-23 11:12:28,514 [Worker-24: Building] INFO  o.e.m.c.i.embedder.EclipseLogger - Using 'UTF-8' encoding to copy filtered resources.
2021-06-23 11:12:28,517 [Worker-24: Building] INFO  o.e.m.c.i.embedder.EclipseLogger - Copying 2 resources
2021-06-23 11:13:14,381 [Worker-21: Building] INFO  o.e.m.c.i.embedder.EclipseLogger - Using 'UTF-8' encoding to copy filtered resources.
2021-06-23 11:13:14,381 [Worker-21: Building] INFO  o.e.m.c.i.embedder.EclipseLogger - skip non existing resourceDirectory C:\Users\andres.guarnizo\OneDrive - SOPHOS SOLUTIONS SAS\Documentos\Semillero\POM\POMDespegar\PageObjectModel\src\main\resources
2021-06-23 11:13:14,383 [Worker-21: Building] INFO  o.e.m.c.i.embedder.EclipseLogger - Using 'UTF-8' encoding to copy filtered resources.
2021-06-23 11:13:14,383 [Worker-21: Building] INFO  o.e.m.c.i.embedder.EclipseLogger - Copying 0 resource
2021-06-23 11:16:50,138 [Worker-24: Building] INFO  o.e.m.c.i.embedder.EclipseLogger - Using 'UTF-8' encoding to copy filtered resources.
2021-06-23 11:16:50,139 [Worker-24: Building] INFO  o.e.m.c.i.embedder.EclipseLogger - skip non existing resourceDirectory C:\Users\andres.guarnizo\OneDrive - SOPHOS SOLUTIONS SAS\Documentos\Semillero\POM\POMDespegar\PageObjectModel\src\main\resources
2021-06-23 11:16:50,140 [Worker-24: Building] INFO  o.e.m.c.i.embedder.EclipseLogger - Using 'UTF-8' encoding to copy filtered resources.
2021-06-23 11:16:50,144 [Worker-24: Building] INFO  o.e.m.c.i.embedder.EclipseLogger - Copying 2 resources
2021-06-23 13:30:26,094 [Worker-33: Building] INFO  o.e.m.c.i.embedder.EclipseLogger - Using 'UTF-8' encoding to copy filtered resources.
2021-06-23 13:30:26,095 [Worker-33: Building] INFO  o.e.m.c.i.embedder.EclipseLogger - skip non existing resourceDirectory C:\Users\andres.guarnizo\OneDrive - SOPHOS SOLUTIONS SAS\Documentos\Semillero\POM\POMDespegar\PageObjectModel\src\main\resources
2021-06-23 13:30:26,097 [Worker-33: Building] INFO  o.e.m.c.i.embedder.EclipseLogger - Using 'UTF-8' encoding to copy filtered resources.
2021-06-23 13:30:26,097 [Worker-33: Building] INFO  o.e.m.c.i.embedder.EclipseLogger - Copying 0 resource
2021-06-23 13:33:16,383 [Worker-29: Building] INFO  o.e.m.c.i.embedder.EclipseLogger - Using 'UTF-8' encoding to copy filtered resources.
2021-06-23 13:33:16,383 [Worker-29: Building] INFO  o.e.m.c.i.embedder.EclipseLogger - skip non existing resourceDirectory C:\Users\andres.guarnizo\OneDrive - SOPHOS SOLUTIONS SAS\Documentos\Semillero\POM\POMDespegar\PageObjectModel\src\main\resources
2021-06-23 13:33:16,385 [Worker-29: Building] INFO  o.e.m.c.i.embedder.EclipseLogger - Using 'UTF-8' encoding to copy filtered resources.
2021-06-23 13:33:16,389 [Worker-29: Building] INFO  o.e.m.c.i.embedder.EclipseLogger - Copying 2 resources
2021-06-23 13:43:33,413 [Worker-39: Building] INFO  o.e.m.c.i.embedder.EclipseLogger - Using 'UTF-8' encoding to copy filtered resources.
2021-06-23 13:43:33,413 [Worker-39: Building] INFO  o.e.m.c.i.embedder.EclipseLogger - skip non existing resourceDirectory C:\Users\andres.guarnizo\OneDrive - SOPHOS SOLUTIONS SAS\Documentos\Semillero\POM\POMDespegar\PageObjectModel\src\main\resources
2021-06-23 13:43:33,414 [Worker-39: Building] INFO  o.e.m.c.i.embedder.EclipseLogger - Using 'UTF-8' encoding to copy filtered resources.
2021-06-23 13:43:33,415 [Worker-39: Building] INFO  o.e.m.c.i.embedder.EclipseLogger - Copying 0 resource
2021-06-23 13:49:45,295 [Worker-41: Launching Despegar] INFO  o.e.m.c.i.embedder.EclipseLogger - Using 'UTF-8' encoding to copy filtered resources.
2021-06-23 13:49:45,296 [Worker-41: Launching Despegar] INFO  o.e.m.c.i.embedder.EclipseLogger - skip non existing resourceDirectory C:\Users\andres.guarnizo\OneDrive - SOPHOS SOLUTIONS SAS\Documentos\Semillero\POM\POMDespegar\PageObjectModel\src\main\resources
2021-06-23 13:49:45,297 [Worker-41: Launching Despegar] INFO  o.e.m.c.i.embedder.EclipseLogger - Using 'UTF-8' encoding to copy filtered resources.
2021-06-23 13:49:45,297 [Worker-41: Launching Despegar] INFO  o.e.m.c.i.embedder.EclipseLogger - Copying 0 resource
2021-06-23 14:01:17,051 [Worker-40: Launching Despegar] INFO  o.e.m.c.i.embedder.EclipseLogger - Using 'UTF-8' encoding to copy filtered resources.
2021-06-23 14:01:17,052 [Worker-40: Launching Despegar] INFO  o.e.m.c.i.embedder.EclipseLogger - skip non existing resourceDirectory C:\Users\andres.guarnizo\OneDrive - SOPHOS SOLUTIONS SAS\Documentos\Semillero\POM\POMDespegar\PageObjectModel\src\main\resources
2021-06-23 14:01:17,053 [Worker-40: Launching Despegar] INFO  o.e.m.c.i.embedder.EclipseLogger - Using 'UTF-8' encoding to copy filtered resources.
2021-06-23 14:01:17,054 [Worker-40: Launching Despegar] INFO  o.e.m.c.i.embedder.EclipseLogger - Copying 0 resource
2021-06-23 14:01:41,533 [Worker-40: Building] INFO  o.e.m.c.i.embedder.EclipseLogger - Using 'UTF-8' encoding to copy filtered resources.
2021-06-23 14:01:41,534 [Worker-40: Building] INFO  o.e.m.c.i.embedder.EclipseLogger - skip non existing resourceDirectory C:\Users\andres.guarnizo\OneDrive - SOPHOS SOLUTIONS SAS\Documentos\Semillero\POM\POMDespegar\PageObjectModel\src\main\resources
2021-06-23 14:01:41,535 [Worker-40: Building] INFO  o.e.m.c.i.embedder.EclipseLogger - Using 'UTF-8' encoding to copy filtered resources.
2021-06-23 14:01:41,536 [Worker-40: Building] INFO  o.e.m.c.i.embedder.EclipseLogger - Copying 0 resource
2021-06-23 14:03:27,811 [Worker-52: Building] INFO  o.e.m.c.i.embedder.EclipseLogger - Using 'UTF-8' encoding to copy filtered resources.
2021-06-23 14:03:27,812 [Worker-52: Building] INFO  o.e.m.c.i.embedder.EclipseLogger - skip non existing resourceDirectory C:\Users\andres.guarnizo\OneDrive - SOPHOS SOLUTIONS SAS\Documentos\Semillero\POM\POMDespegar\PageObjectModel\src\main\resources
2021-06-23 14:03:27,814 [Worker-52: Building] INFO  o.e.m.c.i.embedder.EclipseLogger - Using 'UTF-8' encoding to copy filtered resources.
2021-06-23 14:03:27,815 [Worker-52: Building] INFO  o.e.m.c.i.embedder.EclipseLogger - Copying 1 resource
2021-06-23 14:03:28,916 [Worker-53: Building] INFO  o.e.m.c.i.embedder.EclipseLogger - Using 'UTF-8' encoding to copy filtered resources.
2021-06-23 14:03:28,917 [Worker-53: Building] INFO  o.e.m.c.i.embedder.EclipseLogger - skip non existing resourceDirectory C:\Users\andres.guarnizo\OneDrive - SOPHOS SOLUTIONS SAS\Documentos\Semillero\POM\POMDespegar\PageObjectModel\src\main\resources
2021-06-23 14:03:28,919 [Worker-53: Building] INFO  o.e.m.c.i.embedder.EclipseLogger - Using 'UTF-8' encoding to copy filtered resources.
2021-06-23 14:03:28,920 [Worker-53: Building] INFO  o.e.m.c.i.embedder.EclipseLogger - Copying 0 resource
2021-06-23 14:05:04,388 [Worker-52: Building] INFO  o.e.m.c.i.embedder.EclipseLogger - Using 'UTF-8' encoding to copy filtered resources.
2021-06-23 14:05:04,388 [Worker-52: Building] INFO  o.e.m.c.i.embedder.EclipseLogger - skip non existing resourceDirectory C:\Users\andres.guarnizo\OneDrive - SOPHOS SOLUTIONS SAS\Documentos\Semillero\POM\POMDespegar\PageObjectModel\src\main\resources
2021-06-23 14:05:04,391 [Worker-52: Building] INFO  o.e.m.c.i.embedder.EclipseLogger - Using 'UTF-8' encoding to copy filtered resources.
2021-06-23 14:05:04,391 [Worker-52: Building] INFO  o.e.m.c.i.embedder.EclipseLogger - Copying 0 resource
2021-06-23 14:07:10,523 [Worker-49: Building] INFO  o.e.m.c.i.embedder.EclipseLogger - Using 'UTF-8' encoding to copy filtered resources.
2021-06-23 14:07:10,523 [Worker-49: Building] INFO  o.e.m.c.i.embedder.EclipseLogger - skip non existing resourceDirectory C:\Users\andres.guarnizo\OneDrive - SOPHOS SOLUTIONS SAS\Documentos\Semillero\POM\POMDespegar\PageObjectModel\src\main\resources
2021-06-23 14:07:10,524 [Worker-49: Building] INFO  o.e.m.c.i.embedder.EclipseLogger - Using 'UTF-8' encoding to copy filtered resources.
2021-06-23 14:07:10,525 [Worker-49: Building] INFO  o.e.m.c.i.embedder.EclipseLogger - Copying 1 resource
2021-06-23 14:07:11,579 [Worker-49: Building] INFO  o.e.m.c.i.embedder.EclipseLogger - Using 'UTF-8' encoding to copy filtered resources.
2021-06-23 14:07:11,580 [Worker-49: Building] INFO  o.e.m.c.i.embedder.EclipseLogger - skip non existing resourceDirectory C:\Users\andres.guarnizo\OneDrive - SOPHOS SOLUTIONS SAS\Documentos\Semillero\POM\POMDespegar\PageObjectModel\src\main\resources
2021-06-23 14:07:11,581 [Worker-49: Building] INFO  o.e.m.c.i.embedder.EclipseLogger - Using 'UTF-8' encoding to copy filtered resources.
2021-06-23 14:07:11,582 [Worker-49: Building] INFO  o.e.m.c.i.embedder.EclipseLogger - Copying 0 resource
2021-06-23 14:13:11,503 [Worker-40: Building] INFO  o.e.m.c.i.embedder.EclipseLogger - Using 'UTF-8' encoding to copy filtered resources.
2021-06-23 14:13:11,504 [Worker-40: Building] INFO  o.e.m.c.i.embedder.EclipseLogger - skip non existing resourceDirectory C:\Users\andres.guarnizo\OneDrive - SOPHOS SOLUTIONS SAS\Documentos\Semillero\POM\POMDespegar\PageObjectModel\src\main\resources
2021-06-23 14:13:11,505 [Worker-40: Building] INFO  o.e.m.c.i.embedder.EclipseLogger - Using 'UTF-8' encoding to copy filtered resources.
2021-06-23 14:13:11,506 [Worker-40: Building] INFO  o.e.m.c.i.embedder.EclipseLogger - Copying 0 resource
2021-06-23 14:14:32,434 [Worker-59: Building] INFO  o.e.m.c.i.embedder.EclipseLogger - Using 'UTF-8' encoding to copy filtered resources.
2021-06-23 14:14:32,434 [Worker-59: Building] INFO  o.e.m.c.i.embedder.EclipseLogger - skip non existing resourceDirectory C:\Users\andres.guarnizo\OneDrive - SOPHOS SOLUTIONS SAS\Documentos\Semillero\POM\POMDespegar\PageObjectModel\src\main\resources
2021-06-23 14:14:32,435 [Worker-59: Building] INFO  o.e.m.c.i.embedder.EclipseLogger - Using 'UTF-8' encoding to copy filtered resources.
2021-06-23 14:14:32,436 [Worker-59: Building] INFO  o.e.m.c.i.embedder.EclipseLogger - Copying 0 resource
2021-06-23 14:14:45,268 [Worker-40: Building] INFO  o.e.m.c.i.embedder.EclipseLogger - Using 'UTF-8' encoding to copy filtered resources.
2021-06-23 14:14:45,268 [Worker-40: Building] INFO  o.e.m.c.i.embedder.EclipseLogger - skip non existing resourceDirectory C:\Users\andres.guarnizo\OneDrive - SOPHOS SOLUTIONS SAS\Documentos\Semillero\POM\POMDespegar\PageObjectModel\src\main\resources
2021-06-23 14:14:45,269 [Worker-40: Building] INFO  o.e.m.c.i.embedder.EclipseLogger - Using 'UTF-8' encoding to copy filtered resources.
2021-06-23 14:14:45,270 [Worker-40: Building] INFO  o.e.m.c.i.embedder.EclipseLogger - Copying 0 resource
2021-06-23 14:22:40,325 [Worker-63: Building] INFO  o.e.m.c.i.embedder.EclipseLogger - Using 'UTF-8' encoding to copy filtered resources.
2021-06-23 14:22:40,325 [Worker-63: Building] INFO  o.e.m.c.i.embedder.EclipseLogger - skip non existing resourceDirectory C:\Users\andres.guarnizo\OneDrive - SOPHOS SOLUTIONS SAS\Documentos\Semillero\POM\POMDespegar\PageObjectModel\src\main\resources
2021-06-23 14:22:40,327 [Worker-63: Building] INFO  o.e.m.c.i.embedder.EclipseLogger - Using 'UTF-8' encoding to copy filtered resources.
2021-06-23 14:22:40,328 [Worker-63: Building] INFO  o.e.m.c.i.embedder.EclipseLogger - Copying 0 resource
2021-06-23 14:22:46,385 [Worker-61: Building] INFO  o.e.m.c.i.embedder.EclipseLogger - Using 'UTF-8' encoding to copy filtered resources.
2021-06-23 14:22:46,386 [Worker-61: Building] INFO  o.e.m.c.i.embedder.EclipseLogger - skip non existing resourceDirectory C:\Users\andres.guarnizo\OneDrive - SOPHOS SOLUTIONS SAS\Documentos\Semillero\POM\POMDespegar\PageObjectModel\src\main\resources
2021-06-23 14:22:46,387 [Worker-61: Building] INFO  o.e.m.c.i.embedder.EclipseLogger - Using 'UTF-8' encoding to copy filtered resources.
2021-06-23 14:22:46,388 [Worker-61: Building] INFO  o.e.m.c.i.embedder.EclipseLogger - Copying 0 resource
2021-06-23 14:24:02,711 [Worker-66: Building] INFO  o.e.m.c.i.embedder.EclipseLogger - Using 'UTF-8' encoding to copy filtered resources.
2021-06-23 14:24:02,711 [Worker-66: Building] INFO  o.e.m.c.i.embedder.EclipseLogger - skip non existing resourceDirectory C:\Users\andres.guarnizo\OneDrive - SOPHOS SOLUTIONS SAS\Documentos\Semillero\POM\POMDespegar\PageObjectModel\src\main\resources
2021-06-23 14:24:02,713 [Worker-66: Building] INFO  o.e.m.c.i.embedder.EclipseLogger - Using 'UTF-8' encoding to copy filtered resources.
2021-06-23 14:24:02,713 [Worker-66: Building] INFO  o.e.m.c.i.embedder.EclipseLogger - Copying 0 resource
2021-06-23 14:24:29,524 [Worker-62: Building] INFO  o.e.m.c.i.embedder.EclipseLogger - Using 'UTF-8' encoding to copy filtered resources.
2021-06-23 14:24:29,524 [Worker-62: Building] INFO  o.e.m.c.i.embedder.EclipseLogger - skip non existing resourceDirectory C:\Users\andres.guarnizo\OneDrive - SOPHOS SOLUTIONS SAS\Documentos\Semillero\POM\POMDespegar\PageObjectModel\src\main\resources
2021-06-23 14:24:29,526 [Worker-62: Building] INFO  o.e.m.c.i.embedder.EclipseLogger - Using 'UTF-8' encoding to copy filtered resources.
2021-06-23 14:24:29,526 [Worker-62: Building] INFO  o.e.m.c.i.embedder.EclipseLogger - Copying 0 resource
2021-06-23 14:26:08,867 [Worker-65: Building] INFO  o.e.m.c.i.embedder.EclipseLogger - Using 'UTF-8' encoding to copy filtered resources.
2021-06-23 14:26:08,868 [Worker-65: Building] INFO  o.e.m.c.i.embedder.EclipseLogger - skip non existing resourceDirectory C:\Users\andres.guarnizo\OneDrive - SOPHOS SOLUTIONS SAS\Documentos\Semillero\POM\POMDespegar\PageObjectModel\src\main\resources
2021-06-23 14:26:08,869 [Worker-65: Building] INFO  o.e.m.c.i.embedder.EclipseLogger - Using 'UTF-8' encoding to copy filtered resources.
2021-06-23 14:26:08,870 [Worker-65: Building] INFO  o.e.m.c.i.embedder.EclipseLogger - Copying 0 resource
2021-06-23 14:37:58,795 [Worker-66: Building] INFO  o.e.m.c.i.embedder.EclipseLogger - Using 'UTF-8' encoding to copy filtered resources.
2021-06-23 14:37:58,795 [Worker-66: Building] INFO  o.e.m.c.i.embedder.EclipseLogger - skip non existing resourceDirectory C:\Users\andres.guarnizo\OneDrive - SOPHOS SOLUTIONS SAS\Documentos\Semillero\POM\POMDespegar\PageObjectModel\src\main\resources
2021-06-23 14:37:58,796 [Worker-66: Building] INFO  o.e.m.c.i.embedder.EclipseLogger - Using 'UTF-8' encoding to copy filtered resources.
2021-06-23 14:37:58,800 [Worker-66: Building] INFO  o.e.m.c.i.embedder.EclipseLogger - Copying 2 resources
2021-06-23 14:40:33,736 [Worker-68: Building] INFO  o.e.m.c.i.embedder.EclipseLogger - Using 'UTF-8' encoding to copy filtered resources.
2021-06-23 14:40:33,736 [Worker-68: Building] INFO  o.e.m.c.i.embedder.EclipseLogger - skip non existing resourceDirectory C:\Users\andres.guarnizo\OneDrive - SOPHOS SOLUTIONS SAS\Documentos\Semillero\POM\POMDespegar\PageObjectModel\src\main\resources
2021-06-23 14:40:33,737 [Worker-68: Building] INFO  o.e.m.c.i.embedder.EclipseLogger - Using 'UTF-8' encoding to copy filtered resources.
2021-06-23 14:40:33,738 [Worker-68: Building] INFO  o.e.m.c.i.embedder.EclipseLogger - Copying 0 resource
2021-06-23 14:40:51,934 [Worker-70: Building] INFO  o.e.m.c.i.embedder.EclipseLogger - Using 'UTF-8' encoding to copy filtered resources.
2021-06-23 14:40:51,934 [Worker-70: Building] INFO  o.e.m.c.i.embedder.EclipseLogger - skip non existing resourceDirectory C:\Users\andres.guarnizo\OneDrive - SOPHOS SOLUTIONS SAS\Documentos\Semillero\POM\POMDespegar\PageObjectModel\src\main\resources
2021-06-23 14:40:51,935 [Worker-70: Building] INFO  o.e.m.c.i.embedder.EclipseLogger - Using 'UTF-8' encoding to copy filtered resources.
2021-06-23 14:40:51,936 [Worker-70: Building] INFO  o.e.m.c.i.embedder.EclipseLogger - Copying 0 resource
2021-06-23 14:41:36,222 [Worker-70: Building] INFO  o.e.m.c.i.embedder.EclipseLogger - Using 'UTF-8' encoding to copy filtered resources.
2021-06-23 14:41:36,222 [Worker-70: Building] INFO  o.e.m.c.i.embedder.EclipseLogger - skip non existing resourceDirectory C:\Users\andres.guarnizo\OneDrive - SOPHOS SOLUTIONS SAS\Documentos\Semillero\POM\POMDespegar\PageObjectModel\src\main\resources
2021-06-23 14:41:36,224 [Worker-70: Building] INFO  o.e.m.c.i.embedder.EclipseLogger - Using 'UTF-8' encoding to copy filtered resources.
2021-06-23 14:41:36,225 [Worker-70: Building] INFO  o.e.m.c.i.embedder.EclipseLogger - Copying 0 resource
2021-06-23 15:27:26,386 [Worker-72: Building] INFO  o.e.m.c.i.embedder.EclipseLogger - Using 'UTF-8' encoding to copy filtered resources.
2021-06-23 15:27:26,386 [Worker-72: Building] INFO  o.e.m.c.i.embedder.EclipseLogger - skip non existing resourceDirectory C:\Users\andres.guarnizo\OneDrive - SOPHOS SOLUTIONS SAS\Documentos\Semillero\POM\POMDespegar\PageObjectModel\src\main\resources
2021-06-23 15:27:26,387 [Worker-72: Building] INFO  o.e.m.c.i.embedder.EclipseLogger - Using 'UTF-8' encoding to copy filtered resources.
2021-06-23 15:27:26,388 [Worker-72: Building] INFO  o.e.m.c.i.embedder.EclipseLogger - Copying 0 resource
2021-06-23 15:28:43,817 [Worker-79: Building] INFO  o.e.m.c.i.embedder.EclipseLogger - Using 'UTF-8' encoding to copy filtered resources.
2021-06-23 15:28:43,817 [Worker-79: Building] INFO  o.e.m.c.i.embedder.EclipseLogger - skip non existing resourceDirectory C:\Users\andres.guarnizo\OneDrive - SOPHOS SOLUTIONS SAS\Documentos\Semillero\POM\POMDespegar\PageObjectModel\src\main\resources
2021-06-23 15:28:43,818 [Worker-79: Building] INFO  o.e.m.c.i.embedder.EclipseLogger - Using 'UTF-8' encoding to copy filtered resources.
2021-06-23 15:28:43,819 [Worker-79: Building] INFO  o.e.m.c.i.embedder.EclipseLogger - Copying 0 resource
2021-06-23 15:29:35,928 [Worker-80: Building] INFO  o.e.m.c.i.embedder.EclipseLogger - Using 'UTF-8' encoding to copy filtered resources.
2021-06-23 15:29:35,928 [Worker-80: Building] INFO  o.e.m.c.i.embedder.EclipseLogger - skip non existing resourceDirectory C:\Users\andres.guarnizo\OneDrive - SOPHOS SOLUTIONS SAS\Documentos\Semillero\POM\POMDespegar\PageObjectModel\src\main\resources
2021-06-23 15:29:35,929 [Worker-80: Building] INFO  o.e.m.c.i.embedder.EclipseLogger - Using 'UTF-8' encoding to copy filtered resources.
2021-06-23 15:29:35,934 [Worker-80: Building] INFO  o.e.m.c.i.embedder.EclipseLogger - Copying 2 resources
2021-06-23 15:30:51,407 [Worker-83: Building] INFO  o.e.m.c.i.embedder.EclipseLogger - Using 'UTF-8' encoding to copy filtered resources.
2021-06-23 15:30:51,407 [Worker-83: Building] INFO  o.e.m.c.i.embedder.EclipseLogger - skip non existing resourceDirectory C:\Users\andres.guarnizo\OneDrive - SOPHOS SOLUTIONS SAS\Documentos\Semillero\POM\POMDespegar\PageObjectModel\src\main\resources
2021-06-23 15:30:51,408 [Worker-83: Building] INFO  o.e.m.c.i.embedder.EclipseLogger - Using 'UTF-8' encoding to copy filtered resources.
2021-06-23 15:30:51,409 [Worker-83: Building] INFO  o.e.m.c.i.embedder.EclipseLogger - Copying 0 resource
2021-06-23 15:31:19,280 [Worker-79: Building] INFO  o.e.m.c.i.embedder.EclipseLogger - Using 'UTF-8' encoding to copy filtered resources.
2021-06-23 15:31:19,280 [Worker-79: Building] INFO  o.e.m.c.i.embedder.EclipseLogger - skip non existing resourceDirectory C:\Users\andres.guarnizo\OneDrive - SOPHOS SOLUTIONS SAS\Documentos\Semillero\POM\POMDespegar\PageObjectModel\src\main\resources
2021-06-23 15:31:19,282 [Worker-79: Building] INFO  o.e.m.c.i.embedder.EclipseLogger - Using 'UTF-8' encoding to copy filtered resources.
2021-06-23 15:31:19,283 [Worker-79: Building] INFO  o.e.m.c.i.embedder.EclipseLogger - Copying 0 resource
2021-06-23 15:46:14,966 [Worker-82: Building] INFO  o.e.m.c.i.embedder.EclipseLogger - Using 'UTF-8' encoding to copy filtered resources.
2021-06-23 15:46:14,967 [Worker-82: Building] INFO  o.e.m.c.i.embedder.EclipseLogger - skip non existing resourceDirectory C:\Users\andres.guarnizo\OneDrive - SOPHOS SOLUTIONS SAS\Documentos\Semillero\POM\POMDespegar\PageObjectModel\src\main\resources
2021-06-23 15:46:14,968 [Worker-82: Building] INFO  o.e.m.c.i.embedder.EclipseLogger - Using 'UTF-8' encoding to copy filtered resources.
2021-06-23 15:46:14,969 [Worker-82: Building] INFO  o.e.m.c.i.embedder.EclipseLogger - Copying 0 resource
2021-06-23 15:46:41,699 [Worker-89: Building] INFO  o.e.m.c.i.embedder.EclipseLogger - Using 'UTF-8' encoding to copy filtered resources.
2021-06-23 15:46:41,699 [Worker-89: Building] INFO  o.e.m.c.i.embedder.EclipseLogger - skip non existing resourceDirectory C:\Users\andres.guarnizo\OneDrive - SOPHOS SOLUTIONS SAS\Documentos\Semillero\POM\POMDespegar\PageObjectModel\src\main\resources
2021-06-23 15:46:41,701 [Worker-89: Building] INFO  o.e.m.c.i.embedder.EclipseLogger - Using 'UTF-8' encoding to copy filtered resources.
2021-06-23 15:46:41,705 [Worker-89: Building] INFO  o.e.m.c.i.embedder.EclipseLogger - Copying 2 resources
2021-06-23 15:47:03,723 [Worker-82: Building] INFO  o.e.m.c.i.embedder.EclipseLogger - Using 'UTF-8' encoding to copy filtered resources.
2021-06-23 15:47:03,723 [Worker-82: Building] INFO  o.e.m.c.i.embedder.EclipseLogger - skip non existing resourceDirectory C:\Users\andres.guarnizo\OneDrive - SOPHOS SOLUTIONS SAS\Documentos\Semillero\POM\POMDespegar\PageObjectModel\src\main\resources
2021-06-23 15:47:03,724 [Worker-82: Building] INFO  o.e.m.c.i.embedder.EclipseLogger - Using 'UTF-8' encoding to copy filtered resources.
2021-06-23 15:47:03,727 [Worker-82: Building] INFO  o.e.m.c.i.embedder.EclipseLogger - Copying 2 resources
2021-06-23 15:51:41,267 [Worker-90: Building] INFO  o.e.m.c.i.embedder.EclipseLogger - Using 'UTF-8' encoding to copy filtered resources.
2021-06-23 15:51:41,268 [Worker-90: Building] INFO  o.e.m.c.i.embedder.EclipseLogger - skip non existing resourceDirectory C:\Users\andres.guarnizo\OneDrive - SOPHOS SOLUTIONS SAS\Documentos\Semillero\POM\POMDespegar\PageObjectModel\src\main\resources
2021-06-23 15:51:41,269 [Worker-90: Building] INFO  o.e.m.c.i.embedder.EclipseLogger - Using 'UTF-8' encoding to copy filtered resources.
2021-06-23 15:51:41,270 [Worker-90: Building] INFO  o.e.m.c.i.embedder.EclipseLogger - Copying 0 resource
2021-06-23 15:53:21,942 [Worker-90: Building] INFO  o.e.m.c.i.embedder.EclipseLogger - Using 'UTF-8' encoding to copy filtered resources.
2021-06-23 15:53:21,942 [Worker-90: Building] INFO  o.e.m.c.i.embedder.EclipseLogger - skip non existing resourceDirectory C:\Users\andres.guarnizo\OneDrive - SOPHOS SOLUTIONS SAS\Documentos\Semillero\POM\POMDespegar\PageObjectModel\src\main\resources
2021-06-23 15:53:21,944 [Worker-90: Building] INFO  o.e.m.c.i.embedder.EclipseLogger - Using 'UTF-8' encoding to copy filtered resources.
2021-06-23 15:53:21,944 [Worker-90: Building] INFO  o.e.m.c.i.embedder.EclipseLogger - Copying 0 resource
2021-06-23 15:54:23,954 [Worker-95: Building] INFO  o.e.m.c.i.embedder.EclipseLogger - Using 'UTF-8' encoding to copy filtered resources.
2021-06-23 15:54:23,954 [Worker-95: Building] INFO  o.e.m.c.i.embedder.EclipseLogger - skip non existing resourceDirectory C:\Users\andres.guarnizo\OneDrive - SOPHOS SOLUTIONS SAS\Documentos\Semillero\POM\POMDespegar\PageObjectModel\src\main\resources
2021-06-23 15:54:23,955 [Worker-95: Building] INFO  o.e.m.c.i.embedder.EclipseLogger - Using 'UTF-8' encoding to copy filtered resources.
2021-06-23 15:54:23,956 [Worker-95: Building] INFO  o.e.m.c.i.embedder.EclipseLogger - Copying 0 resource
2021-06-23 15:57:09,328 [Worker-97: Building] INFO  o.e.m.c.i.embedder.EclipseLogger - Using 'UTF-8' encoding to copy filtered resources.
2021-06-23 15:57:09,328 [Worker-97: Building] INFO  o.e.m.c.i.embedder.EclipseLogger - skip non existing resourceDirectory C:\Users\andres.guarnizo\OneDrive - SOPHOS SOLUTIONS SAS\Documentos\Semillero\POM\POMDespegar\PageObjectModel\src\main\resources
2021-06-23 15:57:09,329 [Worker-97: Building] INFO  o.e.m.c.i.embedder.EclipseLogger - Using 'UTF-8' encoding to copy filtered resources.
2021-06-23 15:57:09,330 [Worker-97: Building] INFO  o.e.m.c.i.embedder.EclipseLogger - Copying 0 resource
2021-06-23 15:58:25,888 [Worker-98: Building] INFO  o.e.m.c.i.embedder.EclipseLogger - Using 'UTF-8' encoding to copy filtered resources.
2021-06-23 15:58:25,889 [Worker-98: Building] INFO  o.e.m.c.i.embedder.EclipseLogger - skip non existing resourceDirectory C:\Users\andres.guarnizo\OneDrive - SOPHOS SOLUTIONS SAS\Documentos\Semillero\POM\POMDespegar\PageObjectModel\src\main\resources
2021-06-23 15:58:25,890 [Worker-98: Building] INFO  o.e.m.c.i.embedder.EclipseLogger - Using 'UTF-8' encoding to copy filtered resources.
2021-06-23 15:58:25,890 [Worker-98: Building] INFO  o.e.m.c.i.embedder.EclipseLogger - Copying 0 resource
2021-06-23 16:00:33,405 [Worker-97: Building] INFO  o.e.m.c.i.embedder.EclipseLogger - Using 'UTF-8' encoding to copy filtered resources.
2021-06-23 16:00:33,406 [Worker-97: Building] INFO  o.e.m.c.i.embedder.EclipseLogger - skip non existing resourceDirectory C:\Users\andres.guarnizo\OneDrive - SOPHOS SOLUTIONS SAS\Documentos\Semillero\POM\POMDespegar\PageObjectModel\src\main\resources
2021-06-23 16:00:33,407 [Worker-97: Building] INFO  o.e.m.c.i.embedder.EclipseLogger - Using 'UTF-8' encoding to copy filtered resources.
2021-06-23 16:00:33,407 [Worker-97: Building] INFO  o.e.m.c.i.embedder.EclipseLogger - Copying 0 resource
2021-06-23 16:02:53,662 [Worker-101: Building] INFO  o.e.m.c.i.embedder.EclipseLogger - Using 'UTF-8' encoding to copy filtered resources.
2021-06-23 16:02:53,663 [Worker-101: Building] INFO  o.e.m.c.i.embedder.EclipseLogger - skip non existing resourceDirectory C:\Users\andres.guarnizo\OneDrive - SOPHOS SOLUTIONS SAS\Documentos\Semillero\POM\POMDespegar\PageObjectModel\src\main\resources
2021-06-23 16:02:53,664 [Worker-101: Building] INFO  o.e.m.c.i.embedder.EclipseLogger - Using 'UTF-8' encoding to copy filtered resources.
2021-06-23 16:02:53,664 [Worker-101: Building] INFO  o.e.m.c.i.embedder.EclipseLogger - Copying 0 resource
2021-06-23 16:12:54,782 [Worker-101: Building] INFO  o.e.m.c.i.embedder.EclipseLogger - Using 'UTF-8' encoding to copy filtered resources.
2021-06-23 16:12:54,783 [Worker-101: Building] INFO  o.e.m.c.i.embedder.EclipseLogger - skip non existing resourceDirectory C:\Users\andres.guarnizo\OneDrive - SOPHOS SOLUTIONS SAS\Documentos\Semillero\POM\POMDespegar\PageObjectModel\src\main\resources
2021-06-23 16:12:54,784 [Worker-101: Building] INFO  o.e.m.c.i.embedder.EclipseLogger - Using 'UTF-8' encoding to copy filtered resources.
2021-06-23 16:12:54,789 [Worker-101: Building] INFO  o.e.m.c.i.embedder.EclipseLogger - Copying 2 resources
2021-06-23 16:13:05,800 [Worker-108: Building] INFO  o.e.m.c.i.embedder.EclipseLogger - Using 'UTF-8' encoding to copy filtered resources.
2021-06-23 16:13:05,801 [Worker-108: Building] INFO  o.e.m.c.i.embedder.EclipseLogger - skip non existing resourceDirectory C:\Users\andres.guarnizo\OneDrive - SOPHOS SOLUTIONS SAS\Documentos\Semillero\POM\POMDespegar\PageObjectModel\src\main\resources
2021-06-23 16:13:05,803 [Worker-108: Building] INFO  o.e.m.c.i.embedder.EclipseLogger - Using 'UTF-8' encoding to copy filtered resources.
2021-06-23 16:13:05,810 [Worker-108: Building] INFO  o.e.m.c.i.embedder.EclipseLogger - Copying 2 resources
2021-06-23 16:14:07,921 [Worker-106: Building] INFO  o.e.m.c.i.embedder.EclipseLogger - Using 'UTF-8' encoding to copy filtered resources.
2021-06-23 16:14:07,921 [Worker-106: Building] INFO  o.e.m.c.i.embedder.EclipseLogger - skip non existing resourceDirectory C:\Users\andres.guarnizo\OneDrive - SOPHOS SOLUTIONS SAS\Documentos\Semillero\POM\POMDespegar\PageObjectModel\src\main\resources
2021-06-23 16:14:07,923 [Worker-106: Building] INFO  o.e.m.c.i.embedder.EclipseLogger - Using 'UTF-8' encoding to copy filtered resources.
2021-06-23 16:14:07,927 [Worker-106: Building] INFO  o.e.m.c.i.embedder.EclipseLogger - Copying 2 resources
2021-06-23 16:20:11,594 [Worker-112: Building] INFO  o.e.m.c.i.embedder.EclipseLogger - Using 'UTF-8' encoding to copy filtered resources.
2021-06-23 16:20:11,595 [Worker-112: Building] INFO  o.e.m.c.i.embedder.EclipseLogger - skip non existing resourceDirectory C:\Users\andres.guarnizo\OneDrive - SOPHOS SOLUTIONS SAS\Documentos\Semillero\POM\POMDespegar\PageObjectModel\src\main\resources
2021-06-23 16:20:11,598 [Worker-112: Building] INFO  o.e.m.c.i.embedder.EclipseLogger - Using 'UTF-8' encoding to copy filtered resources.
2021-06-23 16:20:11,599 [Worker-112: Building] INFO  o.e.m.c.i.embedder.EclipseLogger - Copying 0 resource
2021-06-23 17:01:34,153 [Worker-123: Building] INFO  o.e.m.c.i.embedder.EclipseLogger - Using 'UTF-8' encoding to copy filtered resources.
2021-06-23 17:01:34,154 [Worker-123: Building] INFO  o.e.m.c.i.embedder.EclipseLogger - skip non existing resourceDirectory C:\Users\andres.guarnizo\OneDrive - SOPHOS SOLUTIONS SAS\Documentos\Semillero\POM\POMDespegar\PageObjectModel\src\main\resources
2021-06-23 17:01:34,155 [Worker-123: Building] INFO  o.e.m.c.i.embedder.EclipseLogger - Using 'UTF-8' encoding to copy filtered resources.
2021-06-23 17:01:34,156 [Worker-123: Building] INFO  o.e.m.c.i.embedder.EclipseLogger - Copying 1 resource
2021-06-23 17:01:35,260 [Worker-121: Building] INFO  o.e.m.c.i.embedder.EclipseLogger - Using 'UTF-8' encoding to copy filtered resources.
2021-06-23 17:01:35,260 [Worker-121: Building] INFO  o.e.m.c.i.embedder.EclipseLogger - skip non existing resourceDirectory C:\Users\andres.guarnizo\OneDrive - SOPHOS SOLUTIONS SAS\Documentos\Semillero\POM\POMDespegar\PageObjectModel\src\main\resources
2021-06-23 17:01:35,262 [Worker-121: Building] INFO  o.e.m.c.i.embedder.EclipseLogger - Using 'UTF-8' encoding to copy filtered resources.
2021-06-23 17:01:35,263 [Worker-121: Building] INFO  o.e.m.c.i.embedder.EclipseLogger - Copying 0 resource
2021-06-23 17:17:57,352 [Worker-123: Building] INFO  o.e.m.c.i.embedder.EclipseLogger - Using 'UTF-8' encoding to copy filtered resources.
2021-06-23 17:17:57,353 [Worker-123: Building] INFO  o.e.m.c.i.embedder.EclipseLogger - skip non existing resourceDirectory C:\Users\andres.guarnizo\OneDrive - SOPHOS SOLUTIONS SAS\Documentos\Semillero\POM\POMDespegar\PageObjectModel\src\main\resources
2021-06-23 17:17:57,354 [Worker-123: Building] INFO  o.e.m.c.i.embedder.EclipseLogger - Using 'UTF-8' encoding to copy filtered resources.
2021-06-23 17:17:57,354 [Worker-123: Building] INFO  o.e.m.c.i.embedder.EclipseLogger - Copying 1 resource
2021-06-23 17:17:58,410 [Worker-121: Building] INFO  o.e.m.c.i.embedder.EclipseLogger - Using 'UTF-8' encoding to copy filtered resources.
2021-06-23 17:17:58,410 [Worker-121: Building] INFO  o.e.m.c.i.embedder.EclipseLogger - skip non existing resourceDirectory C:\Users\andres.guarnizo\OneDrive - SOPHOS SOLUTIONS SAS\Documentos\Semillero\POM\POMDespegar\PageObjectModel\src\main\resources
2021-06-23 17:17:58,411 [Worker-121: Building] INFO  o.e.m.c.i.embedder.EclipseLogger - Using 'UTF-8' encoding to copy filtered resources.
2021-06-23 17:17:58,412 [Worker-121: Building] INFO  o.e.m.c.i.embedder.EclipseLogger - Copying 0 resource
2021-06-23 17:21:14,458 [Worker-128: Building] INFO  o.e.m.c.i.embedder.EclipseLogger - Using 'UTF-8' encoding to copy filtered resources.
2021-06-23 17:21:14,459 [Worker-128: Building] INFO  o.e.m.c.i.embedder.EclipseLogger - skip non existing resourceDirectory C:\Users\andres.guarnizo\OneDrive - SOPHOS SOLUTIONS SAS\Documentos\Semillero\POM\POMDespegar\PageObjectModel\src\main\resources
2021-06-23 17:21:14,460 [Worker-128: Building] INFO  o.e.m.c.i.embedder.EclipseLogger - Using 'UTF-8' encoding to copy filtered resources.
2021-06-23 17:21:14,461 [Worker-128: Building] INFO  o.e.m.c.i.embedder.EclipseLogger - Copying 1 resource
2021-06-23 17:21:15,557 [Worker-129: Building] INFO  o.e.m.c.i.embedder.EclipseLogger - Using 'UTF-8' encoding to copy filtered resources.
2021-06-23 17:21:15,558 [Worker-129: Building] INFO  o.e.m.c.i.embedder.EclipseLogger - skip non existing resourceDirectory C:\Users\andres.guarnizo\OneDrive - SOPHOS SOLUTIONS SAS\Documentos\Semillero\POM\POMDespegar\PageObjectModel\src\main\resources
2021-06-23 17:21:15,559 [Worker-129: Building] INFO  o.e.m.c.i.embedder.EclipseLogger - Using 'UTF-8' encoding to copy filtered resources.
2021-06-23 17:21:15,560 [Worker-129: Building] INFO  o.e.m.c.i.embedder.EclipseLogger - Copying 0 resource
2021-06-23 17:23:51,351 [Worker-131: Building] INFO  o.e.m.c.i.embedder.EclipseLogger - Using 'UTF-8' encoding to copy filtered resources.
2021-06-23 17:23:51,352 [Worker-131: Building] INFO  o.e.m.c.i.embedder.EclipseLogger - skip non existing resourceDirectory C:\Users\andres.guarnizo\OneDrive - SOPHOS SOLUTIONS SAS\Documentos\Semillero\POM\POMDespegar\PageObjectModel\src\main\resources
2021-06-23 17:23:51,353 [Worker-131: Building] INFO  o.e.m.c.i.embedder.EclipseLogger - Using 'UTF-8' encoding to copy filtered resources.
2021-06-23 17:23:51,358 [Worker-131: Building] INFO  o.e.m.c.i.embedder.EclipseLogger - Copying 2 resources
2021-06-23 17:24:29,460 [Worker-131: Building] INFO  o.e.m.c.i.embedder.EclipseLogger - Using 'UTF-8' encoding to copy filtered resources.
2021-06-23 17:24:29,460 [Worker-131: Building] INFO  o.e.m.c.i.embedder.EclipseLogger - skip non existing resourceDirectory C:\Users\andres.guarnizo\OneDrive - SOPHOS SOLUTIONS SAS\Documentos\Semillero\POM\POMDespegar\PageObjectModel\src\main\resources
2021-06-23 17:24:29,461 [Worker-131: Building] INFO  o.e.m.c.i.embedder.EclipseLogger - Using 'UTF-8' encoding to copy filtered resources.
2021-06-23 17:24:29,465 [Worker-131: Building] INFO  o.e.m.c.i.embedder.EclipseLogger - Copying 2 resources
2021-06-23 17:26:18,719 [Worker-125: Building] INFO  o.e.m.c.i.embedder.EclipseLogger - Using 'UTF-8' encoding to copy filtered resources.
2021-06-23 17:26:18,719 [Worker-125: Building] INFO  o.e.m.c.i.embedder.EclipseLogger - skip non existing resourceDirectory C:\Users\andres.guarnizo\OneDrive - SOPHOS SOLUTIONS SAS\Documentos\Semillero\POM\POMDespegar\PageObjectModel\src\main\resources
2021-06-23 17:26:18,720 [Worker-125: Building] INFO  o.e.m.c.i.embedder.EclipseLogger - Using 'UTF-8' encoding to copy filtered resources.
2021-06-23 17:26:18,724 [Worker-125: Building] INFO  o.e.m.c.i.embedder.EclipseLogger - Copying 2 resources
2021-06-23 17:28:55,606 [Worker-133: Building] INFO  o.e.m.c.i.embedder.EclipseLogger - Using 'UTF-8' encoding to copy filtered resources.
2021-06-23 17:28:55,607 [Worker-133: Building] INFO  o.e.m.c.i.embedder.EclipseLogger - skip non existing resourceDirectory C:\Users\andres.guarnizo\OneDrive - SOPHOS SOLUTIONS SAS\Documentos\Semillero\POM\POMDespegar\PageObjectModel\src\main\resources
2021-06-23 17:28:55,608 [Worker-133: Building] INFO  o.e.m.c.i.embedder.EclipseLogger - Using 'UTF-8' encoding to copy filtered resources.
2021-06-23 17:28:55,609 [Worker-133: Building] INFO  o.e.m.c.i.embedder.EclipseLogger - Copying 1 resource
2021-06-23 17:28:56,704 [Worker-131: Building] INFO  o.e.m.c.i.embedder.EclipseLogger - Using 'UTF-8' encoding to copy filtered resources.
2021-06-23 17:28:56,704 [Worker-131: Building] INFO  o.e.m.c.i.embedder.EclipseLogger - skip non existing resourceDirectory C:\Users\andres.guarnizo\OneDrive - SOPHOS SOLUTIONS SAS\Documentos\Semillero\POM\POMDespegar\PageObjectModel\src\main\resources
2021-06-23 17:28:56,705 [Worker-131: Building] INFO  o.e.m.c.i.embedder.EclipseLogger - Using 'UTF-8' encoding to copy filtered resources.
2021-06-23 17:28:56,705 [Worker-131: Building] INFO  o.e.m.c.i.embedder.EclipseLogger - Copying 0 resource
2021-06-23 17:33:18,500 [Worker-133: Building] INFO  o.e.m.c.i.embedder.EclipseLogger - Using 'UTF-8' encoding to copy filtered resources.
2021-06-23 17:33:18,500 [Worker-133: Building] INFO  o.e.m.c.i.embedder.EclipseLogger - skip non existing resourceDirectory C:\Users\andres.guarnizo\OneDrive - SOPHOS SOLUTIONS SAS\Documentos\Semillero\POM\POMDespegar\PageObjectModel\src\main\resources
2021-06-23 17:33:18,501 [Worker-133: Building] INFO  o.e.m.c.i.embedder.EclipseLogger - Using 'UTF-8' encoding to copy filtered resources.
2021-06-23 17:33:18,504 [Worker-133: Building] INFO  o.e.m.c.i.embedder.EclipseLogger - Copying 2 resources
2021-06-23 17:39:56,214 [Worker-131: Building] INFO  o.e.m.c.i.embedder.EclipseLogger - Using 'UTF-8' encoding to copy filtered resources.
2021-06-23 17:39:56,215 [Worker-131: Building] INFO  o.e.m.c.i.embedder.EclipseLogger - skip non existing resourceDirectory C:\Users\andres.guarnizo\OneDrive - SOPHOS SOLUTIONS SAS\Documentos\Semillero\POM\POMDespegar\PageObjectModel\src\main\resources
2021-06-23 17:39:56,215 [Worker-131: Building] INFO  o.e.m.c.i.embedder.EclipseLogger - Using 'UTF-8' encoding to copy filtered resources.
2021-06-23 17:39:56,216 [Worker-131: Building] INFO  o.e.m.c.i.embedder.EclipseLogger - Copying 0 resource
2021-06-23 17:40:34,944 [Worker-128: Building] INFO  o.e.m.c.i.embedder.EclipseLogger - Using 'UTF-8' encoding to copy filtered resources.
2021-06-23 17:40:34,944 [Worker-128: Building] INFO  o.e.m.c.i.embedder.EclipseLogger - skip non existing resourceDirectory C:\Users\andres.guarnizo\OneDrive - SOPHOS SOLUTIONS SAS\Documentos\Semillero\POM\POMDespegar\PageObjectModel\src\main\resources
2021-06-23 17:40:34,946 [Worker-128: Building] INFO  o.e.m.c.i.embedder.EclipseLogger - Using 'UTF-8' encoding to copy filtered resources.
2021-06-23 17:40:34,946 [Worker-128: Building] INFO  o.e.m.c.i.embedder.EclipseLogger - Copying 0 resource
2021-06-23 17:46:48,035 [Worker-142: Building] INFO  o.e.m.c.i.embedder.EclipseLogger - Using 'UTF-8' encoding to copy filtered resources.
2021-06-23 17:46:48,035 [Worker-142: Building] INFO  o.e.m.c.i.embedder.EclipseLogger - skip non existing resourceDirectory C:\Users\andres.guarnizo\OneDrive - SOPHOS SOLUTIONS SAS\Documentos\Semillero\POM\POMDespegar\PageObjectModel\src\main\resources
2021-06-23 17:46:48,036 [Worker-142: Building] INFO  o.e.m.c.i.embedder.EclipseLogger - Using 'UTF-8' encoding to copy filtered resources.
2021-06-23 17:46:48,037 [Worker-142: Building] INFO  o.e.m.c.i.embedder.EclipseLogger - Copying 1 resource
2021-06-23 17:46:49,132 [Worker-128: Building] INFO  o.e.m.c.i.embedder.EclipseLogger - Using 'UTF-8' encoding to copy filtered resources.
2021-06-23 17:46:49,133 [Worker-128: Building] INFO  o.e.m.c.i.embedder.EclipseLogger - skip non existing resourceDirectory C:\Users\andres.guarnizo\OneDrive - SOPHOS SOLUTIONS SAS\Documentos\Semillero\POM\POMDespegar\PageObjectModel\src\main\resources
2021-06-23 17:46:49,134 [Worker-128: Building] INFO  o.e.m.c.i.embedder.EclipseLogger - Using 'UTF-8' encoding to copy filtered resources.
2021-06-23 17:46:49,134 [Worker-128: Building] INFO  o.e.m.c.i.embedder.EclipseLogger - Copying 0 resource
2021-06-23 17:52:43,153 [Worker-128: Building] INFO  o.e.m.c.i.embedder.EclipseLogger - Using 'UTF-8' encoding to copy filtered resources.
2021-06-23 17:52:43,153 [Worker-128: Building] INFO  o.e.m.c.i.embedder.EclipseLogger - skip non existing resourceDirectory C:\Users\andres.guarnizo\OneDrive - SOPHOS SOLUTIONS SAS\Documentos\Semillero\POM\POMDespegar\PageObjectModel\src\main\resources
2021-06-23 17:52:43,154 [Worker-128: Building] INFO  o.e.m.c.i.embedder.EclipseLogger - Using 'UTF-8' encoding to copy filtered resources.
2021-06-23 17:52:43,158 [Worker-128: Building] INFO  o.e.m.c.i.embedder.EclipseLogger - Copying 2 resources
2021-06-23 17:52:44,212 [Worker-147: Building] INFO  o.e.m.c.i.embedder.EclipseLogger - Using 'UTF-8' encoding to copy filtered resources.
2021-06-23 17:52:44,213 [Worker-147: Building] INFO  o.e.m.c.i.embedder.EclipseLogger - skip non existing resourceDirectory C:\Users\andres.guarnizo\OneDrive - SOPHOS SOLUTIONS SAS\Documentos\Semillero\POM\POMDespegar\PageObjectModel\src\main\resources
2021-06-23 17:52:44,214 [Worker-147: Building] INFO  o.e.m.c.i.embedder.EclipseLogger - Using 'UTF-8' encoding to copy filtered resources.
2021-06-23 17:52:44,214 [Worker-147: Building] INFO  o.e.m.c.i.embedder.EclipseLogger - Copying 0 resource
2021-06-23 18:01:19,732 [Worker-128: Building] INFO  o.e.m.c.i.embedder.EclipseLogger - Using 'UTF-8' encoding to copy filtered resources.
2021-06-23 18:01:19,733 [Worker-128: Building] INFO  o.e.m.c.i.embedder.EclipseLogger - skip non existing resourceDirectory C:\Users\andres.guarnizo\OneDrive - SOPHOS SOLUTIONS SAS\Documentos\Semillero\POM\POMDespegar\PageObjectModel\src\main\resources
2021-06-23 18:01:19,734 [Worker-128: Building] INFO  o.e.m.c.i.embedder.EclipseLogger - Using 'UTF-8' encoding to copy filtered resources.
2021-06-23 18:01:19,735 [Worker-128: Building] INFO  o.e.m.c.i.embedder.EclipseLogger - Copying 0 resource
2021-06-23 18:14:25,604 [Worker-159: Building] INFO  o.e.m.c.i.embedder.EclipseLogger - Using 'UTF-8' encoding to copy filtered resources.
2021-06-23 18:14:25,604 [Worker-159: Building] INFO  o.e.m.c.i.embedder.EclipseLogger - skip non existing resourceDirectory C:\Users\andres.guarnizo\OneDrive - SOPHOS SOLUTIONS SAS\Documentos\Semillero\POM\POMDespegar\PageObjectModel\src\main\resources
2021-06-23 18:14:25,605 [Worker-159: Building] INFO  o.e.m.c.i.embedder.EclipseLogger - Using 'UTF-8' encoding to copy filtered resources.
2021-06-23 18:14:25,606 [Worker-159: Building] INFO  o.e.m.c.i.embedder.EclipseLogger - Copying 0 resource
2021-06-23 18:42:55,969 [Worker-163: Building] INFO  o.e.m.c.i.embedder.EclipseLogger - Using 'UTF-8' encoding to copy filtered resources.
2021-06-23 18:42:55,970 [Worker-163: Building] INFO  o.e.m.c.i.embedder.EclipseLogger - skip non existing resourceDirectory C:\Users\andres.guarnizo\OneDrive - SOPHOS SOLUTIONS SAS\Documentos\Semillero\POM\POMDespegar\PageObjectModel\src\main\resources
2021-06-23 18:42:55,971 [Worker-163: Building] INFO  o.e.m.c.i.embedder.EclipseLogger - Using 'UTF-8' encoding to copy filtered resources.
2021-06-23 18:42:55,972 [Worker-163: Building] INFO  o.e.m.c.i.embedder.EclipseLogger - Copying 0 resource
2021-06-23 18:52:56,407 [Worker-164: Building] INFO  o.e.m.c.i.embedder.EclipseLogger - Using 'UTF-8' encoding to copy filtered resources.
2021-06-23 18:52:56,407 [Worker-164: Building] INFO  o.e.m.c.i.embedder.EclipseLogger - skip non existing resourceDirectory C:\Users\andres.guarnizo\OneDrive - SOPHOS SOLUTIONS SAS\Documentos\Semillero\POM\POMDespegar\PageObjectModel\src\main\resources
2021-06-23 18:52:56,408 [Worker-164: Building] INFO  o.e.m.c.i.embedder.EclipseLogger - Using 'UTF-8' encoding to copy filtered resources.
2021-06-23 18:52:56,409 [Worker-164: Building] INFO  o.e.m.c.i.embedder.EclipseLogger - Copying 0 resource
2021-06-23 18:55:20,260 [Worker-160: Building] INFO  o.e.m.c.i.embedder.EclipseLogger - Using 'UTF-8' encoding to copy filtered resources.
2021-06-23 18:55:20,260 [Worker-160: Building] INFO  o.e.m.c.i.embedder.EclipseLogger - skip non existing resourceDirectory C:\Users\andres.guarnizo\OneDrive - SOPHOS SOLUTIONS SAS\Documentos\Semillero\POM\POMDespegar\PageObjectModel\src\main\resources
2021-06-23 18:55:20,261 [Worker-160: Building] INFO  o.e.m.c.i.embedder.EclipseLogger - Using 'UTF-8' encoding to copy filtered resources.
2021-06-23 18:55:20,262 [Worker-160: Building] INFO  o.e.m.c.i.embedder.EclipseLogger - Copying 0 resource
2021-06-23 18:55:35,811 [Worker-169: Building] INFO  o.e.m.c.i.embedder.EclipseLogger - Using 'UTF-8' encoding to copy filtered resources.
2021-06-23 18:55:35,811 [Worker-169: Building] INFO  o.e.m.c.i.embedder.EclipseLogger - skip non existing resourceDirectory C:\Users\andres.guarnizo\OneDrive - SOPHOS SOLUTIONS SAS\Documentos\Semillero\POM\POMDespegar\PageObjectModel\src\main\resources
2021-06-23 18:55:35,813 [Worker-169: Building] INFO  o.e.m.c.i.embedder.EclipseLogger - Using 'UTF-8' encoding to copy filtered resources.
2021-06-23 18:55:35,813 [Worker-169: Building] INFO  o.e.m.c.i.embedder.EclipseLogger - Copying 0 resource
2021-06-23 19:00:41,140 [Worker-168: Building] INFO  o.e.m.c.i.embedder.EclipseLogger - Using 'UTF-8' encoding to copy filtered resources.
2021-06-23 19:00:41,140 [Worker-168: Building] INFO  o.e.m.c.i.embedder.EclipseLogger - skip non existing resourceDirectory C:\Users\andres.guarnizo\OneDrive - SOPHOS SOLUTIONS SAS\Documentos\Semillero\POM\POMDespegar\PageObjectModel\src\main\resources
2021-06-23 19:00:41,141 [Worker-168: Building] INFO  o.e.m.c.i.embedder.EclipseLogger - Using 'UTF-8' encoding to copy filtered resources.
2021-06-23 19:00:41,142 [Worker-168: Building] INFO  o.e.m.c.i.embedder.EclipseLogger - Copying 0 resource
2021-06-23 19:03:22,828 [Worker-172: Building] INFO  o.e.m.c.i.embedder.EclipseLogger - Using 'UTF-8' encoding to copy filtered resources.
2021-06-23 19:03:22,829 [Worker-172: Building] INFO  o.e.m.c.i.embedder.EclipseLogger - skip non existing resourceDirectory C:\Users\andres.guarnizo\OneDrive - SOPHOS SOLUTIONS SAS\Documentos\Semillero\POM\POMDespegar\PageObjectModel\src\main\resources
2021-06-23 19:03:22,830 [Worker-172: Building] INFO  o.e.m.c.i.embedder.EclipseLogger - Using 'UTF-8' encoding to copy filtered resources.
2021-06-23 19:03:22,830 [Worker-172: Building] INFO  o.e.m.c.i.embedder.EclipseLogger - Copying 0 resource
2021-06-23 19:05:28,504 [Worker-168: Building] INFO  o.e.m.c.i.embedder.EclipseLogger - Using 'UTF-8' encoding to copy filtered resources.
2021-06-23 19:05:28,504 [Worker-168: Building] INFO  o.e.m.c.i.embedder.EclipseLogger - skip non existing resourceDirectory C:\Users\andres.guarnizo\OneDrive - SOPHOS SOLUTIONS SAS\Documentos\Semillero\POM\POMDespegar\PageObjectModel\src\main\resources
2021-06-23 19:05:28,506 [Worker-168: Building] INFO  o.e.m.c.i.embedder.EclipseLogger - Using 'UTF-8' encoding to copy filtered resources.
2021-06-23 19:05:28,507 [Worker-168: Building] INFO  o.e.m.c.i.embedder.EclipseLogger - Copying 1 resource
2021-06-23 19:05:29,607 [Worker-160: Building] INFO  o.e.m.c.i.embedder.EclipseLogger - Using 'UTF-8' encoding to copy filtered resources.
2021-06-23 19:05:29,608 [Worker-160: Building] INFO  o.e.m.c.i.embedder.EclipseLogger - skip non existing resourceDirectory C:\Users\andres.guarnizo\OneDrive - SOPHOS SOLUTIONS SAS\Documentos\Semillero\POM\POMDespegar\PageObjectModel\src\main\resources
2021-06-23 19:05:29,609 [Worker-160: Building] INFO  o.e.m.c.i.embedder.EclipseLogger - Using 'UTF-8' encoding to copy filtered resources.
2021-06-23 19:05:29,610 [Worker-160: Building] INFO  o.e.m.c.i.embedder.EclipseLogger - Copying 0 resource
2021-06-23 19:05:46,073 [Worker-175: Building] INFO  o.e.m.c.i.embedder.EclipseLogger - Using 'UTF-8' encoding to copy filtered resources.
2021-06-23 19:05:46,074 [Worker-175: Building] INFO  o.e.m.c.i.embedder.EclipseLogger - skip non existing resourceDirectory C:\Users\andres.guarnizo\OneDrive - SOPHOS SOLUTIONS SAS\Documentos\Semillero\POM\POMDespegar\PageObjectModel\src\main\resources
2021-06-23 19:05:46,076 [Worker-175: Building] INFO  o.e.m.c.i.embedder.EclipseLogger - Using 'UTF-8' encoding to copy filtered resources.
2021-06-23 19:05:46,078 [Worker-175: Building] INFO  o.e.m.c.i.embedder.EclipseLogger - Copying 0 resource
2021-06-23 19:07:17,468 [Worker-175: Building] INFO  o.e.m.c.i.embedder.EclipseLogger - Using 'UTF-8' encoding to copy filtered resources.
2021-06-23 19:07:17,468 [Worker-175: Building] INFO  o.e.m.c.i.embedder.EclipseLogger - skip non existing resourceDirectory C:\Users\andres.guarnizo\OneDrive - SOPHOS SOLUTIONS SAS\Documentos\Semillero\POM\POMDespegar\PageObjectModel\src\main\resources
2021-06-23 19:07:17,471 [Worker-175: Building] INFO  o.e.m.c.i.embedder.EclipseLogger - Using 'UTF-8' encoding to copy filtered resources.
2021-06-23 19:07:17,472 [Worker-175: Building] INFO  o.e.m.c.i.embedder.EclipseLogger - Copying 0 resource
2021-06-23 19:11:47,654 [Worker-174: Building] INFO  o.e.m.c.i.embedder.EclipseLogger - Using 'UTF-8' encoding to copy filtered resources.
2021-06-23 19:11:47,655 [Worker-174: Building] INFO  o.e.m.c.i.embedder.EclipseLogger - skip non existing resourceDirectory C:\Users\andres.guarnizo\OneDrive - SOPHOS SOLUTIONS SAS\Documentos\Semillero\POM\POMDespegar\PageObjectModel\src\main\resources
2021-06-23 19:11:47,657 [Worker-174: Building] INFO  o.e.m.c.i.embedder.EclipseLogger - Using 'UTF-8' encoding to copy filtered resources.
2021-06-23 19:11:47,659 [Worker-174: Building] INFO  o.e.m.c.i.embedder.EclipseLogger - Copying 0 resource
2021-06-23 19:11:58,225 [Worker-174: Building] INFO  o.e.m.c.i.embedder.EclipseLogger - Using 'UTF-8' encoding to copy filtered resources.
2021-06-23 19:11:58,226 [Worker-174: Building] INFO  o.e.m.c.i.embedder.EclipseLogger - skip non existing resourceDirectory C:\Users\andres.guarnizo\OneDrive - SOPHOS SOLUTIONS SAS\Documentos\Semillero\POM\POMDespegar\PageObjectModel\src\main\resources
2021-06-23 19:11:58,227 [Worker-174: Building] INFO  o.e.m.c.i.embedder.EclipseLogger - Using 'UTF-8' encoding to copy filtered resources.
2021-06-23 19:11:58,227 [Worker-174: Building] INFO  o.e.m.c.i.embedder.EclipseLogger - Copying 0 resource
2021-06-23 19:15:16,523 [Worker-177: Building] INFO  o.e.m.c.i.embedder.EclipseLogger - Using 'UTF-8' encoding to copy filtered resources.
2021-06-23 19:15:16,524 [Worker-177: Building] INFO  o.e.m.c.i.embedder.EclipseLogger - skip non existing resourceDirectory C:\Users\andres.guarnizo\OneDrive - SOPHOS SOLUTIONS SAS\Documentos\Semillero\POM\POMDespegar\PageObjectModel\src\main\resources
2021-06-23 19:15:16,525 [Worker-177: Building] INFO  o.e.m.c.i.embedder.EclipseLogger - Using 'UTF-8' encoding to copy filtered resources.
2021-06-23 19:15:16,525 [Worker-177: Building] INFO  o.e.m.c.i.embedder.EclipseLogger - Copying 0 resource
2021-06-23 19:16:54,485 [Worker-174: Building] INFO  o.e.m.c.i.embedder.EclipseLogger - Using 'UTF-8' encoding to copy filtered resources.
2021-06-23 19:16:54,485 [Worker-174: Building] INFO  o.e.m.c.i.embedder.EclipseLogger - skip non existing resourceDirectory C:\Users\andres.guarnizo\OneDrive - SOPHOS SOLUTIONS SAS\Documentos\Semillero\POM\POMDespegar\PageObjectModel\src\main\resources
2021-06-23 19:16:54,486 [Worker-174: Building] INFO  o.e.m.c.i.embedder.EclipseLogger - Using 'UTF-8' encoding to copy filtered resources.
2021-06-23 19:16:54,487 [Worker-174: Building] INFO  o.e.m.c.i.embedder.EclipseLogger - Copying 0 resource
2021-06-23 19:30:03,755 [Worker-182: Building] INFO  o.e.m.c.i.embedder.EclipseLogger - Using 'UTF-8' encoding to copy filtered resources.
2021-06-23 19:30:03,756 [Worker-182: Building] INFO  o.e.m.c.i.embedder.EclipseLogger - skip non existing resourceDirectory C:\Users\andres.guarnizo\OneDrive - SOPHOS SOLUTIONS SAS\Documentos\Semillero\POM\POMDespegar\PageObjectModel\src\main\resources
2021-06-23 19:30:03,758 [Worker-182: Building] INFO  o.e.m.c.i.embedder.EclipseLogger - Using 'UTF-8' encoding to copy filtered resources.
2021-06-23 19:30:03,759 [Worker-182: Building] INFO  o.e.m.c.i.embedder.EclipseLogger - Copying 0 resource
2021-06-23 19:43:53,686 [Worker-190: Building] INFO  o.e.m.c.i.embedder.EclipseLogger - Using 'UTF-8' encoding to copy filtered resources.
2021-06-23 19:43:53,686 [Worker-190: Building] INFO  o.e.m.c.i.embedder.EclipseLogger - skip non existing resourceDirectory C:\Users\andres.guarnizo\OneDrive - SOPHOS SOLUTIONS SAS\Documentos\Semillero\POM\POMDespegar\PageObjectModel\src\main\resources
2021-06-23 19:43:53,687 [Worker-190: Building] INFO  o.e.m.c.i.embedder.EclipseLogger - Using 'UTF-8' encoding to copy filtered resources.
2021-06-23 19:43:53,688 [Worker-190: Building] INFO  o.e.m.c.i.embedder.EclipseLogger - Copying 0 resource
2021-06-23 19:45:24,990 [Worker-185: Building] INFO  o.e.m.c.i.embedder.EclipseLogger - Using 'UTF-8' encoding to copy filtered resources.
2021-06-23 19:45:24,991 [Worker-185: Building] INFO  o.e.m.c.i.embedder.EclipseLogger - skip non existing resourceDirectory C:\Users\andres.guarnizo\OneDrive - SOPHOS SOLUTIONS SAS\Documentos\Semillero\POM\POMDespegar\PageObjectModel\src\main\resources
2021-06-23 19:45:24,992 [Worker-185: Building] INFO  o.e.m.c.i.embedder.EclipseLogger - Using 'UTF-8' encoding to copy filtered resources.
2021-06-23 19:45:24,993 [Worker-185: Building] INFO  o.e.m.c.i.embedder.EclipseLogger - Copying 0 resource
2021-06-23 20:01:53,228 [Worker-197: Building] INFO  o.e.m.c.i.embedder.EclipseLogger - Using 'UTF-8' encoding to copy filtered resources.
2021-06-23 20:01:53,228 [Worker-197: Building] INFO  o.e.m.c.i.embedder.EclipseLogger - skip non existing resourceDirectory C:\Users\andres.guarnizo\OneDrive - SOPHOS SOLUTIONS SAS\Documentos\Semillero\POM\POMDespegar\PageObjectModel\src\main\resources
2021-06-23 20:01:53,229 [Worker-197: Building] INFO  o.e.m.c.i.embedder.EclipseLogger - Using 'UTF-8' encoding to copy filtered resources.
2021-06-23 20:01:53,233 [Worker-197: Building] INFO  o.e.m.c.i.embedder.EclipseLogger - Copying 2 resources
2021-06-23 20:01:54,287 [Worker-196: Building] INFO  o.e.m.c.i.embedder.EclipseLogger - Using 'UTF-8' encoding to copy filtered resources.
2021-06-23 20:01:54,287 [Worker-196: Building] INFO  o.e.m.c.i.embedder.EclipseLogger - skip non existing resourceDirectory C:\Users\andres.guarnizo\OneDrive - SOPHOS SOLUTIONS SAS\Documentos\Semillero\POM\POMDespegar\PageObjectModel\src\main\resources
2021-06-23 20:01:54,289 [Worker-196: Building] INFO  o.e.m.c.i.embedder.EclipseLogger - Using 'UTF-8' encoding to copy filtered resources.
2021-06-23 20:01:54,289 [Worker-196: Building] INFO  o.e.m.c.i.embedder.EclipseLogger - Copying 0 resource
2021-06-23 20:03:26,328 [Worker-198: Building] INFO  o.e.m.c.i.embedder.EclipseLogger - Using 'UTF-8' encoding to copy filtered resources.
2021-06-23 20:03:26,328 [Worker-198: Building] INFO  o.e.m.c.i.embedder.EclipseLogger - skip non existing resourceDirectory C:\Users\andres.guarnizo\OneDrive - SOPHOS SOLUTIONS SAS\Documentos\Semillero\POM\POMDespegar\PageObjectModel\src\main\resources
2021-06-23 20:03:26,329 [Worker-198: Building] INFO  o.e.m.c.i.embedder.EclipseLogger - Using 'UTF-8' encoding to copy filtered resources.
2021-06-23 20:03:26,333 [Worker-198: Building] INFO  o.e.m.c.i.embedder.EclipseLogger - Copying 2 resources
2021-06-23 20:04:53,261 [Worker-198: Building] INFO  o.e.m.c.i.embedder.EclipseLogger - Using 'UTF-8' encoding to copy filtered resources.
2021-06-23 20:04:53,262 [Worker-198: Building] INFO  o.e.m.c.i.embedder.EclipseLogger - skip non existing resourceDirectory C:\Users\andres.guarnizo\OneDrive - SOPHOS SOLUTIONS SAS\Documentos\Semillero\POM\POMDespegar\PageObjectModel\src\main\resources
2021-06-23 20:04:53,263 [Worker-198: Building] INFO  o.e.m.c.i.embedder.EclipseLogger - Using 'UTF-8' encoding to copy filtered resources.
2021-06-23 20:04:53,264 [Worker-198: Building] INFO  o.e.m.c.i.embedder.EclipseLogger - Copying 1 resource
2021-06-23 20:04:54,316 [Worker-198: Building] INFO  o.e.m.c.i.embedder.EclipseLogger - Using 'UTF-8' encoding to copy filtered resources.
2021-06-23 20:04:54,317 [Worker-198: Building] INFO  o.e.m.c.i.embedder.EclipseLogger - skip non existing resourceDirectory C:\Users\andres.guarnizo\OneDrive - SOPHOS SOLUTIONS SAS\Documentos\Semillero\POM\POMDespegar\PageObjectModel\src\main\resources
2021-06-23 20:04:54,318 [Worker-198: Building] INFO  o.e.m.c.i.embedder.EclipseLogger - Using 'UTF-8' encoding to copy filtered resources.
2021-06-23 20:04:54,319 [Worker-198: Building] INFO  o.e.m.c.i.embedder.EclipseLogger - Copying 0 resource
2021-06-23 20:07:33,938 [Worker-197: Building] INFO  o.e.m.c.i.embedder.EclipseLogger - Using 'UTF-8' encoding to copy filtered resources.
2021-06-23 20:07:33,938 [Worker-197: Building] INFO  o.e.m.c.i.embedder.EclipseLogger - skip non existing resourceDirectory C:\Users\andres.guarnizo\OneDrive - SOPHOS SOLUTIONS SAS\Documentos\Semillero\POM\POMDespegar\PageObjectModel\src\main\resources
2021-06-23 20:07:33,939 [Worker-197: Building] INFO  o.e.m.c.i.embedder.EclipseLogger - Using 'UTF-8' encoding to copy filtered resources.
2021-06-23 20:07:33,940 [Worker-197: Building] INFO  o.e.m.c.i.embedder.EclipseLogger - Copying 1 resource
2021-06-23 20:07:34,985 [Worker-197: Building] ERROR o.e.m.c.i.embedder.EclipseLogger - Could not create FileOutputStream: null
2021-06-23 20:07:34,987 [Worker-197: Building] INFO  o.e.m.c.i.embedder.EclipseLogger - Using 'UTF-8' encoding to copy filtered resources.
2021-06-23 20:07:34,988 [Worker-197: Building] INFO  o.e.m.c.i.embedder.EclipseLogger - skip non existing resourceDirectory C:\Users\andres.guarnizo\OneDrive - SOPHOS SOLUTIONS SAS\Documentos\Semillero\POM\POMDespegar\PageObjectModel\src\main\resources
2021-06-23 20:07:34,989 [Worker-197: Building] INFO  o.e.m.c.i.embedder.EclipseLogger - Using 'UTF-8' encoding to copy filtered resources.
2021-06-23 20:07:34,989 [Worker-197: Building] INFO  o.e.m.c.i.embedder.EclipseLogger - Copying 0 resource
2021-06-23 20:09:34,755 [Worker-198: Building] INFO  o.e.m.c.i.embedder.EclipseLogger - Using 'UTF-8' encoding to copy filtered resources.
2021-06-23 20:09:34,755 [Worker-198: Building] INFO  o.e.m.c.i.embedder.EclipseLogger - skip non existing resourceDirectory C:\Users\andres.guarnizo\OneDrive - SOPHOS SOLUTIONS SAS\Documentos\Semillero\POM\POMDespegar\PageObjectModel\src\main\resources
2021-06-23 20:09:34,757 [Worker-198: Building] INFO  o.e.m.c.i.embedder.EclipseLogger - Using 'UTF-8' encoding to copy filtered resources.
2021-06-23 20:09:34,760 [Worker-198: Building] INFO  o.e.m.c.i.embedder.EclipseLogger - Copying 2 resources
2021-06-23 20:13:59,096 [Worker-191: Building] INFO  o.e.m.c.i.embedder.EclipseLogger - Using 'UTF-8' encoding to copy filtered resources.
2021-06-23 20:13:59,096 [Worker-191: Building] INFO  o.e.m.c.i.embedder.EclipseLogger - skip non existing resourceDirectory C:\Users\andres.guarnizo\OneDrive - SOPHOS SOLUTIONS SAS\Documentos\Semillero\POM\POMDespegar\PageObjectModel\src\main\resources
2021-06-23 20:13:59,097 [Worker-191: Building] INFO  o.e.m.c.i.embedder.EclipseLogger - Using 'UTF-8' encoding to copy filtered resources.
2021-06-23 20:13:59,098 [Worker-191: Building] INFO  o.e.m.c.i.embedder.EclipseLogger - Copying 0 resource
2021-06-23 20:14:20,298 [Worker-200: Building] INFO  o.e.m.c.i.embedder.EclipseLogger - Using 'UTF-8' encoding to copy filtered resources.
2021-06-23 20:14:20,298 [Worker-200: Building] INFO  o.e.m.c.i.embedder.EclipseLogger - skip non existing resourceDirectory C:\Users\andres.guarnizo\OneDrive - SOPHOS SOLUTIONS SAS\Documentos\Semillero\POM\POMDespegar\PageObjectModel\src\main\resources
2021-06-23 20:14:20,299 [Worker-200: Building] INFO  o.e.m.c.i.embedder.EclipseLogger - Using 'UTF-8' encoding to copy filtered resources.
2021-06-23 20:14:20,300 [Worker-200: Building] INFO  o.e.m.c.i.embedder.EclipseLogger - Copying 1 resource
2021-06-23 20:14:21,402 [Worker-202: Building] INFO  o.e.m.c.i.embedder.EclipseLogger - Using 'UTF-8' encoding to copy filtered resources.
2021-06-23 20:14:21,402 [Worker-202: Building] INFO  o.e.m.c.i.embedder.EclipseLogger - skip non existing resourceDirectory C:\Users\andres.guarnizo\OneDrive - SOPHOS SOLUTIONS SAS\Documentos\Semillero\POM\POMDespegar\PageObjectModel\src\main\resources
2021-06-23 20:14:21,403 [Worker-202: Building] INFO  o.e.m.c.i.embedder.EclipseLogger - Using 'UTF-8' encoding to copy filtered resources.
2021-06-23 20:14:21,403 [Worker-202: Building] INFO  o.e.m.c.i.embedder.EclipseLogger - Copying 0 resource
2021-06-23 20:17:44,404 [Worker-206: Building] INFO  o.e.m.c.i.embedder.EclipseLogger - Using 'UTF-8' encoding to copy filtered resources.
2021-06-23 20:17:44,404 [Worker-206: Building] INFO  o.e.m.c.i.embedder.EclipseLogger - skip non existing resourceDirectory C:\Users\andres.guarnizo\OneDrive - SOPHOS SOLUTIONS SAS\Documentos\Semillero\POM\POMDespegar\PageObjectModel\src\main\resources
2021-06-23 20:17:44,406 [Worker-206: Building] INFO  o.e.m.c.i.embedder.EclipseLogger - Using 'UTF-8' encoding to copy filtered resources.
2021-06-23 20:17:44,406 [Worker-206: Building] INFO  o.e.m.c.i.embedder.EclipseLogger - Copying 0 resource
2021-06-23 20:26:22,285 [Worker-209: Building] INFO  o.e.m.c.i.embedder.EclipseLogger - Using 'UTF-8' encoding to copy filtered resources.
2021-06-23 20:26:22,286 [Worker-209: Building] INFO  o.e.m.c.i.embedder.EclipseLogger - skip non existing resourceDirectory C:\Users\andres.guarnizo\OneDrive - SOPHOS SOLUTIONS SAS\Documentos\Semillero\POM\POMDespegar\PageObjectModel\src\main\resources
2021-06-23 20:26:22,287 [Worker-209: Building] INFO  o.e.m.c.i.embedder.EclipseLogger - Using 'UTF-8' encoding to copy filtered resources.
2021-06-23 20:26:22,287 [Worker-209: Building] INFO  o.e.m.c.i.embedder.EclipseLogger - Copying 0 resource
2021-06-23 20:30:51,833 [Worker-214: Building] INFO  o.e.m.c.i.embedder.EclipseLogger - Using 'UTF-8' encoding to copy filtered resources.
2021-06-23 20:30:51,834 [Worker-214: Building] INFO  o.e.m.c.i.embedder.EclipseLogger - skip non existing resourceDirectory C:\Users\andres.guarnizo\OneDrive - SOPHOS SOLUTIONS SAS\Documentos\Semillero\POM\POMDespegar\PageObjectModel\src\main\resources
2021-06-23 20:30:51,834 [Worker-214: Building] INFO  o.e.m.c.i.embedder.EclipseLogger - Using 'UTF-8' encoding to copy filtered resources.
2021-06-23 20:30:51,838 [Worker-214: Building] INFO  o.e.m.c.i.embedder.EclipseLogger - Copying 2 resources
2021-06-23 20:31:16,924 [Worker-207: Building] INFO  o.e.m.c.i.embedder.EclipseLogger - Using 'UTF-8' encoding to copy filtered resources.
2021-06-23 20:31:16,924 [Worker-207: Building] INFO  o.e.m.c.i.embedder.EclipseLogger - skip non existing resourceDirectory C:\Users\andres.guarnizo\OneDrive - SOPHOS SOLUTIONS SAS\Documentos\Semillero\POM\POMDespegar\PageObjectModel\src\main\resources
2021-06-23 20:31:16,926 [Worker-207: Building] INFO  o.e.m.c.i.embedder.EclipseLogger - Using 'UTF-8' encoding to copy filtered resources.
2021-06-23 20:31:16,926 [Worker-207: Building] INFO  o.e.m.c.i.embedder.EclipseLogger - Copying 0 resource
2021-06-23 20:31:40,828 [Worker-213: Building] INFO  o.e.m.c.i.embedder.EclipseLogger - Using 'UTF-8' encoding to copy filtered resources.
2021-06-23 20:31:40,829 [Worker-213: Building] INFO  o.e.m.c.i.embedder.EclipseLogger - skip non existing resourceDirectory C:\Users\andres.guarnizo\OneDrive - SOPHOS SOLUTIONS SAS\Documentos\Semillero\POM\POMDespegar\PageObjectModel\src\main\resources
2021-06-23 20:31:40,830 [Worker-213: Building] INFO  o.e.m.c.i.embedder.EclipseLogger - Using 'UTF-8' encoding to copy filtered resources.
2021-06-23 20:31:40,830 [Worker-213: Building] INFO  o.e.m.c.i.embedder.EclipseLogger - Copying 0 resource
2021-06-23 20:52:34,434 [Worker-207: Building] INFO  o.e.m.c.i.embedder.EclipseLogger - Using 'UTF-8' encoding to copy filtered resources.
2021-06-23 20:52:34,434 [Worker-207: Building] INFO  o.e.m.c.i.embedder.EclipseLogger - skip non existing resourceDirectory C:\Users\andres.guarnizo\OneDrive - SOPHOS SOLUTIONS SAS\Documentos\Semillero\POM\POMDespegar\PageObjectModel\src\main\resources
2021-06-23 20:52:34,435 [Worker-207: Building] INFO  o.e.m.c.i.embedder.EclipseLogger - Using 'UTF-8' encoding to copy filtered resources.
2021-06-23 20:52:34,436 [Worker-207: Building] INFO  o.e.m.c.i.embedder.EclipseLogger - Copying 0 resource
2021-06-23 21:23:34,765 [Worker-225: Building] INFO  o.e.m.c.i.embedder.EclipseLogger - Using 'UTF-8' encoding to copy filtered resources.
2021-06-23 21:23:34,766 [Worker-225: Building] INFO  o.e.m.c.i.embedder.EclipseLogger - skip non existing resourceDirectory C:\Users\andres.guarnizo\OneDrive - SOPHOS SOLUTIONS SAS\Documentos\Semillero\POM\POMDespegar\PageObjectModel\src\main\resources
2021-06-23 21:23:34,767 [Worker-225: Building] INFO  o.e.m.c.i.embedder.EclipseLogger - Using 'UTF-8' encoding to copy filtered resources.
2021-06-23 21:23:34,767 [Worker-225: Building] INFO  o.e.m.c.i.embedder.EclipseLogger - Copying 0 resource
2021-06-23 21:25:20,663 [Worker-225: Building] INFO  o.e.m.c.i.embedder.EclipseLogger - Using 'UTF-8' encoding to copy filtered resources.
2021-06-23 21:25:20,664 [Worker-225: Building] INFO  o.e.m.c.i.embedder.EclipseLogger - skip non existing resourceDirectory C:\Users\andres.guarnizo\OneDrive - SOPHOS SOLUTIONS SAS\Documentos\Semillero\POM\POMDespegar\PageObjectModel\src\main\resources
2021-06-23 21:25:20,665 [Worker-225: Building] INFO  o.e.m.c.i.embedder.EclipseLogger - Using 'UTF-8' encoding to copy filtered resources.
2021-06-23 21:25:20,670 [Worker-225: Building] INFO  o.e.m.c.i.embedder.EclipseLogger - Copying 2 resources
2021-06-23 21:27:59,472 [Worker-226: Building] INFO  o.e.m.c.i.embedder.EclipseLogger - Using 'UTF-8' encoding to copy filtered resources.
2021-06-23 21:27:59,472 [Worker-226: Building] INFO  o.e.m.c.i.embedder.EclipseLogger - skip non existing resourceDirectory C:\Users\andres.guarnizo\OneDrive - SOPHOS SOLUTIONS SAS\Documentos\Semillero\POM\POMDespegar\PageObjectModel\src\main\resources
2021-06-23 21:27:59,473 [Worker-226: Building] INFO  o.e.m.c.i.embedder.EclipseLogger - Using 'UTF-8' encoding to copy filtered resources.
2021-06-23 21:27:59,474 [Worker-226: Building] INFO  o.e.m.c.i.embedder.EclipseLogger - Copying 1 resource
2021-06-23 21:28:00,573 [Worker-229: Building] INFO  o.e.m.c.i.embedder.EclipseLogger - Using 'UTF-8' encoding to copy filtered resources.
2021-06-23 21:28:00,574 [Worker-229: Building] INFO  o.e.m.c.i.embedder.EclipseLogger - skip non existing resourceDirectory C:\Users\andres.guarnizo\OneDrive - SOPHOS SOLUTIONS SAS\Documentos\Semillero\POM\POMDespegar\PageObjectModel\src\main\resources
2021-06-23 21:28:00,575 [Worker-229: Building] INFO  o.e.m.c.i.embedder.EclipseLogger - Using 'UTF-8' encoding to copy filtered resources.
2021-06-23 21:28:00,575 [Worker-229: Building] INFO  o.e.m.c.i.embedder.EclipseLogger - Copying 0 resource
2021-06-23 21:32:51,408 [Worker-229: Building] INFO  o.e.m.c.i.embedder.EclipseLogger - Using 'UTF-8' encoding to copy filtered resources.
2021-06-23 21:32:51,409 [Worker-229: Building] INFO  o.e.m.c.i.embedder.EclipseLogger - skip non existing resourceDirectory C:\Users\andres.guarnizo\OneDrive - SOPHOS SOLUTIONS SAS\Documentos\Semillero\POM\POMDespegar\PageObjectModel\src\main\resources
2021-06-23 21:32:51,410 [Worker-229: Building] INFO  o.e.m.c.i.embedder.EclipseLogger - Using 'UTF-8' encoding to copy filtered resources.
2021-06-23 21:32:51,411 [Worker-229: Building] INFO  o.e.m.c.i.embedder.EclipseLogger - Copying 1 resource
2021-06-23 21:32:52,514 [Worker-232: Building] INFO  o.e.m.c.i.embedder.EclipseLogger - Using 'UTF-8' encoding to copy filtered resources.
2021-06-23 21:32:52,514 [Worker-232: Building] INFO  o.e.m.c.i.embedder.EclipseLogger - skip non existing resourceDirectory C:\Users\andres.guarnizo\OneDrive - SOPHOS SOLUTIONS SAS\Documentos\Semillero\POM\POMDespegar\PageObjectModel\src\main\resources
2021-06-23 21:32:52,515 [Worker-232: Building] INFO  o.e.m.c.i.embedder.EclipseLogger - Using 'UTF-8' encoding to copy filtered resources.
2021-06-23 21:32:52,516 [Worker-232: Building] INFO  o.e.m.c.i.embedder.EclipseLogger - Copying 0 resource
2021-06-23 21:34:06,734 [Worker-229: Building] INFO  o.e.m.c.i.embedder.EclipseLogger - Using 'UTF-8' encoding to copy filtered resources.
2021-06-23 21:34:06,735 [Worker-229: Building] INFO  o.e.m.c.i.embedder.EclipseLogger - skip non existing resourceDirectory C:\Users\andres.guarnizo\OneDrive - SOPHOS SOLUTIONS SAS\Documentos\Semillero\POM\POMDespegar\PageObjectModel\src\main\resources
2021-06-23 21:34:06,736 [Worker-229: Building] INFO  o.e.m.c.i.embedder.EclipseLogger - Using 'UTF-8' encoding to copy filtered resources.
2021-06-23 21:34:06,736 [Worker-229: Building] INFO  o.e.m.c.i.embedder.EclipseLogger - Copying 0 resource
2021-06-23 21:38:11,520 [Worker-233: Building] INFO  o.e.m.c.i.embedder.EclipseLogger - Using 'UTF-8' encoding to copy filtered resources.
2021-06-23 21:38:11,520 [Worker-233: Building] INFO  o.e.m.c.i.embedder.EclipseLogger - skip non existing resourceDirectory C:\Users\andres.guarnizo\OneDrive - SOPHOS SOLUTIONS SAS\Documentos\Semillero\POM\POMDespegar\PageObjectModel\src\main\resources
2021-06-23 21:38:11,522 [Worker-233: Building] INFO  o.e.m.c.i.embedder.EclipseLogger - Using 'UTF-8' encoding to copy filtered resources.
2021-06-23 21:38:11,523 [Worker-233: Building] INFO  o.e.m.c.i.embedder.EclipseLogger - Copying 1 resource
2021-06-23 21:38:12,579 [Worker-229: Building] INFO  o.e.m.c.i.embedder.EclipseLogger - Using 'UTF-8' encoding to copy filtered resources.
2021-06-23 21:38:12,579 [Worker-229: Building] INFO  o.e.m.c.i.embedder.EclipseLogger - skip non existing resourceDirectory C:\Users\andres.guarnizo\OneDrive - SOPHOS SOLUTIONS SAS\Documentos\Semillero\POM\POMDespegar\PageObjectModel\src\main\resources
2021-06-23 21:38:12,581 [Worker-229: Building] INFO  o.e.m.c.i.embedder.EclipseLogger - Using 'UTF-8' encoding to copy filtered resources.
2021-06-23 21:38:12,581 [Worker-229: Building] INFO  o.e.m.c.i.embedder.EclipseLogger - Copying 0 resource
2021-06-23 21:51:49,210 [Worker-246: Building] INFO  o.e.m.c.i.embedder.EclipseLogger - Using 'UTF-8' encoding to copy filtered resources.
2021-06-23 21:51:49,211 [Worker-246: Building] INFO  o.e.m.c.i.embedder.EclipseLogger - skip non existing resourceDirectory C:\Users\andres.guarnizo\OneDrive - SOPHOS SOLUTIONS SAS\Documentos\Semillero\POM\POMDespegar\PageObjectModel\src\main\resources
2021-06-23 21:51:49,212 [Worker-246: Building] INFO  o.e.m.c.i.embedder.EclipseLogger - Using 'UTF-8' encoding to copy filtered resources.
2021-06-23 21:51:49,212 [Worker-246: Building] INFO  o.e.m.c.i.embedder.EclipseLogger - Copying 1 resource
2021-06-23 21:51:50,312 [Worker-240: Building] INFO  o.e.m.c.i.embedder.EclipseLogger - Using 'UTF-8' encoding to copy filtered resources.
2021-06-23 21:51:50,312 [Worker-240: Building] INFO  o.e.m.c.i.embedder.EclipseLogger - skip non existing resourceDirectory C:\Users\andres.guarnizo\OneDrive - SOPHOS SOLUTIONS SAS\Documentos\Semillero\POM\POMDespegar\PageObjectModel\src\main\resources
2021-06-23 21:51:50,313 [Worker-240: Building] INFO  o.e.m.c.i.embedder.EclipseLogger - Using 'UTF-8' encoding to copy filtered resources.
2021-06-23 21:51:50,314 [Worker-240: Building] INFO  o.e.m.c.i.embedder.EclipseLogger - Copying 0 resource
2021-06-23 21:57:12,825 [Worker-244: Building] INFO  o.e.m.c.i.embedder.EclipseLogger - Using 'UTF-8' encoding to copy filtered resources.
2021-06-23 21:57:12,825 [Worker-244: Building] INFO  o.e.m.c.i.embedder.EclipseLogger - skip non existing resourceDirectory C:\Users\andres.guarnizo\OneDrive - SOPHOS SOLUTIONS SAS\Documentos\Semillero\POM\POMDespegar\PageObjectModel\src\main\resources
2021-06-23 21:57:12,826 [Worker-244: Building] INFO  o.e.m.c.i.embedder.EclipseLogger - Using 'UTF-8' encoding to copy filtered resources.
2021-06-23 21:57:12,827 [Worker-244: Building] INFO  o.e.m.c.i.embedder.EclipseLogger - Copying 1 resource
2021-06-23 21:57:13,890 [Worker-249: Building] INFO  o.e.m.c.i.embedder.EclipseLogger - Using 'UTF-8' encoding to copy filtered resources.
2021-06-23 21:57:13,890 [Worker-249: Building] INFO  o.e.m.c.i.embedder.EclipseLogger - skip non existing resourceDirectory C:\Users\andres.guarnizo\OneDrive - SOPHOS SOLUTIONS SAS\Documentos\Semillero\POM\POMDespegar\PageObjectModel\src\main\resources
2021-06-23 21:57:13,891 [Worker-249: Building] INFO  o.e.m.c.i.embedder.EclipseLogger - Using 'UTF-8' encoding to copy filtered resources.
2021-06-23 21:57:13,892 [Worker-249: Building] INFO  o.e.m.c.i.embedder.EclipseLogger - Copying 0 resource
2021-06-23 22:11:01,106 [Worker-255: Building] INFO  o.e.m.c.i.embedder.EclipseLogger - Using 'UTF-8' encoding to copy filtered resources.
2021-06-23 22:11:01,107 [Worker-255: Building] INFO  o.e.m.c.i.embedder.EclipseLogger - skip non existing resourceDirectory C:\Users\andres.guarnizo\OneDrive - SOPHOS SOLUTIONS SAS\Documentos\Semillero\POM\POMDespegar\PageObjectModel\src\main\resources
2021-06-23 22:11:01,108 [Worker-255: Building] INFO  o.e.m.c.i.embedder.EclipseLogger - Using 'UTF-8' encoding to copy filtered resources.
2021-06-23 22:11:01,109 [Worker-255: Building] INFO  o.e.m.c.i.embedder.EclipseLogger - Copying 1 resource
2021-06-23 22:11:02,212 [Worker-249: Building] INFO  o.e.m.c.i.embedder.EclipseLogger - Using 'UTF-8' encoding to copy filtered resources.
2021-06-23 22:11:02,213 [Worker-249: Building] INFO  o.e.m.c.i.embedder.EclipseLogger - skip non existing resourceDirectory C:\Users\andres.guarnizo\OneDrive - SOPHOS SOLUTIONS SAS\Documentos\Semillero\POM\POMDespegar\PageObjectModel\src\main\resources
2021-06-23 22:11:02,214 [Worker-249: Building] INFO  o.e.m.c.i.embedder.EclipseLogger - Using 'UTF-8' encoding to copy filtered resources.
2021-06-23 22:11:02,214 [Worker-249: Building] INFO  o.e.m.c.i.embedder.EclipseLogger - Copying 0 resource
2021-06-23 22:13:38,641 [Worker-259: Building] INFO  o.e.m.c.i.embedder.EclipseLogger - Using 'UTF-8' encoding to copy filtered resources.
2021-06-23 22:13:38,642 [Worker-259: Building] INFO  o.e.m.c.i.embedder.EclipseLogger - skip non existing resourceDirectory C:\Users\andres.guarnizo\OneDrive - SOPHOS SOLUTIONS SAS\Documentos\Semillero\POM\POMDespegar\PageObjectModel\src\main\resources
2021-06-23 22:13:38,642 [Worker-259: Building] INFO  o.e.m.c.i.embedder.EclipseLogger - Using 'UTF-8' encoding to copy filtered resources.
2021-06-23 22:13:38,643 [Worker-259: Building] INFO  o.e.m.c.i.embedder.EclipseLogger - Copying 1 resource
2021-06-23 22:13:39,702 [Worker-259: Building] INFO  o.e.m.c.i.embedder.EclipseLogger - Using 'UTF-8' encoding to copy filtered resources.
2021-06-23 22:13:39,702 [Worker-259: Building] INFO  o.e.m.c.i.embedder.EclipseLogger - skip non existing resourceDirectory C:\Users\andres.guarnizo\OneDrive - SOPHOS SOLUTIONS SAS\Documentos\Semillero\POM\POMDespegar\PageObjectModel\src\main\resources
2021-06-23 22:13:39,704 [Worker-259: Building] INFO  o.e.m.c.i.embedder.EclipseLogger - Using 'UTF-8' encoding to copy filtered resources.
2021-06-23 22:13:39,705 [Worker-259: Building] INFO  o.e.m.c.i.embedder.EclipseLogger - Copying 0 resource
2021-06-23 22:15:50,231 [Worker-255: Building] INFO  o.e.m.c.i.embedder.EclipseLogger - Using 'UTF-8' encoding to copy filtered resources.
2021-06-23 22:15:50,231 [Worker-255: Building] INFO  o.e.m.c.i.embedder.EclipseLogger - skip non existing resourceDirectory C:\Users\andres.guarnizo\OneDrive - SOPHOS SOLUTIONS SAS\Documentos\Semillero\POM\POMDespegar\PageObjectModel\src\main\resources
2021-06-23 22:15:50,232 [Worker-255: Building] INFO  o.e.m.c.i.embedder.EclipseLogger - Using 'UTF-8' encoding to copy filtered resources.
2021-06-23 22:15:50,232 [Worker-255: Building] INFO  o.e.m.c.i.embedder.EclipseLogger - Copying 1 resource
2021-06-23 22:15:51,333 [Worker-258: Building] INFO  o.e.m.c.i.embedder.EclipseLogger - Using 'UTF-8' encoding to copy filtered resources.
2021-06-23 22:15:51,333 [Worker-258: Building] INFO  o.e.m.c.i.embedder.EclipseLogger - skip non existing resourceDirectory C:\Users\andres.guarnizo\OneDrive - SOPHOS SOLUTIONS SAS\Documentos\Semillero\POM\POMDespegar\PageObjectModel\src\main\resources
2021-06-23 22:15:51,335 [Worker-258: Building] INFO  o.e.m.c.i.embedder.EclipseLogger - Using 'UTF-8' encoding to copy filtered resources.
2021-06-23 22:15:51,336 [Worker-258: Building] INFO  o.e.m.c.i.embedder.EclipseLogger - Copying 0 resource
2021-06-23 22:17:31,068 [Worker-259: Building] INFO  o.e.m.c.i.embedder.EclipseLogger - Using 'UTF-8' encoding to copy filtered resources.
2021-06-23 22:17:31,068 [Worker-259: Building] INFO  o.e.m.c.i.embedder.EclipseLogger - skip non existing resourceDirectory C:\Users\andres.guarnizo\OneDrive - SOPHOS SOLUTIONS SAS\Documentos\Semillero\POM\POMDespegar\PageObjectModel\src\main\resources
2021-06-23 22:17:31,069 [Worker-259: Building] INFO  o.e.m.c.i.embedder.EclipseLogger - Using 'UTF-8' encoding to copy filtered resources.
2021-06-23 22:17:31,070 [Worker-259: Building] INFO  o.e.m.c.i.embedder.EclipseLogger - Copying 1 resource
2021-06-23 22:17:32,181 [Worker-259: Building] INFO  o.e.m.c.i.embedder.EclipseLogger - Using 'UTF-8' encoding to copy filtered resources.
2021-06-23 22:17:32,181 [Worker-259: Building] INFO  o.e.m.c.i.embedder.EclipseLogger - skip non existing resourceDirectory C:\Users\andres.guarnizo\OneDrive - SOPHOS SOLUTIONS SAS\Documentos\Semillero\POM\POMDespegar\PageObjectModel\src\main\resources
2021-06-23 22:17:32,182 [Worker-259: Building] INFO  o.e.m.c.i.embedder.EclipseLogger - Using 'UTF-8' encoding to copy filtered resources.
2021-06-23 22:17:32,183 [Worker-259: Building] INFO  o.e.m.c.i.embedder.EclipseLogger - Copying 0 resource
2021-06-23 22:18:28,382 [Worker-259: Building] INFO  o.e.m.c.i.embedder.EclipseLogger - Using 'UTF-8' encoding to copy filtered resources.
2021-06-23 22:18:28,383 [Worker-259: Building] INFO  o.e.m.c.i.embedder.EclipseLogger - skip non existing resourceDirectory C:\Users\andres.guarnizo\OneDrive - SOPHOS SOLUTIONS SAS\Documentos\Semillero\POM\POMDespegar\PageObjectModel\src\main\resources
2021-06-23 22:18:28,383 [Worker-259: Building] INFO  o.e.m.c.i.embedder.EclipseLogger - Using 'UTF-8' encoding to copy filtered resources.
2021-06-23 22:18:28,384 [Worker-259: Building] INFO  o.e.m.c.i.embedder.EclipseLogger - Copying 1 resource
2021-06-23 22:18:29,449 [Worker-259: Building] INFO  o.e.m.c.i.embedder.EclipseLogger - Using 'UTF-8' encoding to copy filtered resources.
2021-06-23 22:18:29,450 [Worker-259: Building] INFO  o.e.m.c.i.embedder.EclipseLogger - skip non existing resourceDirectory C:\Users\andres.guarnizo\OneDrive - SOPHOS SOLUTIONS SAS\Documentos\Semillero\POM\POMDespegar\PageObjectModel\src\main\resources
2021-06-23 22:18:29,451 [Worker-259: Building] INFO  o.e.m.c.i.embedder.EclipseLogger - Using 'UTF-8' encoding to copy filtered resources.
2021-06-23 22:18:29,451 [Worker-259: Building] INFO  o.e.m.c.i.embedder.EclipseLogger - Copying 0 resource
