2021-06-21 10:50:21,538 [Worker-3: Loading available Gradle versions] INFO  o.e.b.c.i.u.g.PublishedGradleVersions - Gradle version information cache is up-to-date. Trying to read.
2021-06-21 10:52:02,063 [Worker-3: Loading available Gradle versions] INFO  o.e.b.c.i.u.g.PublishedGradleVersions - Gradle version information cache is up-to-date. Trying to read.
2021-06-21 10:55:38,102 [Worker-1: Loading available Gradle versions] INFO  o.e.b.c.i.u.g.PublishedGradleVersions - Gradle version information cache is up-to-date. Trying to read.
2021-06-21 10:58:19,053 [Worker-22: Building] INFO  o.e.m.c.i.l.LifecycleMappingFactory - Using org.eclipse.m2e.jdt.JarLifecycleMapping lifecycle mapping for MavenProject: com.sophossolutions:PageObjectModel:0.0.1-SNAPSHOT @ C:\Users\jonathan.castro\OneDrive - SOPHOS SOLUTIONS SAS\Escritorio\semillero\Semillero\PageObjectModel\pom.xml.
2021-06-21 10:58:19,053 [Worker-21: Updating Maven Dependencies] INFO  o.e.m.c.i.l.LifecycleMappingFactory - Using org.eclipse.m2e.jdt.JarLifecycleMapping lifecycle mapping for MavenProject: com.sophossolutions:PageObjectModel:0.0.1-SNAPSHOT @ C:\Users\jonathan.castro\OneDrive - SOPHOS SOLUTIONS SAS\Escritorio\semillero\Semillero\PageObjectModel\pom.xml.
2021-06-21 10:58:20,649 [Worker-22: Building] WARN  o.e.m.c.i.embedder.EclipseLogger - The POM for com.sun.xml.bind:jaxb-osgi:jar:2.2.10 is invalid, transitive dependencies (if any) will not be available, enable debug logging for more details
2021-06-21 10:58:20,665 [Worker-21: Updating Maven Dependencies] WARN  o.e.m.c.i.embedder.EclipseLogger - The POM for com.sun.xml.bind:jaxb-osgi:jar:2.2.10 is invalid, transitive dependencies (if any) will not be available, enable debug logging for more details
2021-06-21 10:58:23,797 [Worker-22: Building] INFO  o.e.m.c.i.embedder.EclipseLogger - Using 'UTF-8' encoding to copy filtered resources.
2021-06-21 10:58:23,798 [Worker-22: Building] INFO  o.e.m.c.i.embedder.EclipseLogger - skip non existing resourceDirectory C:\Users\jonathan.castro\OneDrive - SOPHOS SOLUTIONS SAS\Escritorio\semillero\Semillero\PageObjectModel\src\main\resources
2021-06-21 10:58:23,802 [Worker-22: Building] INFO  o.e.m.c.i.embedder.EclipseLogger - Using 'UTF-8' encoding to copy filtered resources.
2021-06-21 10:58:23,803 [Worker-22: Building] INFO  o.e.m.c.i.embedder.EclipseLogger - skip non existing resourceDirectory C:\Users\jonathan.castro\OneDrive - SOPHOS SOLUTIONS SAS\Escritorio\semillero\Semillero\PageObjectModel\src\test\resources
2021-06-21 10:58:26,974 [Worker-25: Updating Maven Dependencies] INFO  o.e.m.c.i.l.LifecycleMappingFactory - Using org.eclipse.m2e.jdt.JarLifecycleMapping lifecycle mapping for MavenProject: com.sophossolutions:PageObjectModel:0.0.1-SNAPSHOT @ C:\Users\jonathan.castro\OneDrive - SOPHOS SOLUTIONS SAS\Escritorio\semillero\Semillero\PageObjectModel\pom.xml.
2021-06-21 10:58:28,232 [Worker-25: Updating Maven Dependencies] WARN  o.e.m.c.i.embedder.EclipseLogger - The POM for com.sun.xml.bind:jaxb-osgi:jar:2.2.10 is invalid, transitive dependencies (if any) will not be available, enable debug logging for more details
2021-06-21 10:58:31,366 [Worker-21: Building] WARN  o.e.m.c.i.embedder.EclipseLogger - The POM for com.sun.xml.bind:jaxb-osgi:jar:2.2.10 is invalid, transitive dependencies (if any) will not be available, enable debug logging for more details
2021-06-21 10:58:32,370 [Worker-21: Building] INFO  o.e.m.c.i.embedder.EclipseLogger - Using 'UTF-8' encoding to copy filtered resources.
2021-06-21 10:58:32,371 [Worker-21: Building] INFO  o.e.m.c.i.embedder.EclipseLogger - skip non existing resourceDirectory C:\Users\jonathan.castro\OneDrive - SOPHOS SOLUTIONS SAS\Escritorio\semillero\Semillero\PageObjectModel\src\main\resources
2021-06-21 10:58:32,375 [Worker-21: Building] INFO  o.e.m.c.i.embedder.EclipseLogger - Using 'UTF-8' encoding to copy filtered resources.
2021-06-21 10:58:32,375 [Worker-21: Building] INFO  o.e.m.c.i.embedder.EclipseLogger - skip non existing resourceDirectory C:\Users\jonathan.castro\OneDrive - SOPHOS SOLUTIONS SAS\Escritorio\semillero\Semillero\PageObjectModel\src\test\resources
2021-06-21 10:59:41,167 [Worker-15: Building] INFO  o.e.m.c.i.embedder.EclipseLogger - Using 'UTF-8' encoding to copy filtered resources.
2021-06-21 10:59:41,168 [Worker-15: Building] INFO  o.e.m.c.i.embedder.EclipseLogger - skip non existing resourceDirectory C:\Users\jonathan.castro\OneDrive - SOPHOS SOLUTIONS SAS\Escritorio\semillero\Semillero\PageObjectModel\src\main\resources
2021-06-21 10:59:41,172 [Worker-15: Building] INFO  o.e.m.c.i.embedder.EclipseLogger - Using 'UTF-8' encoding to copy filtered resources.
2021-06-21 10:59:41,172 [Worker-15: Building] INFO  o.e.m.c.i.embedder.EclipseLogger - skip non existing resourceDirectory C:\Users\jonathan.castro\OneDrive - SOPHOS SOLUTIONS SAS\Escritorio\semillero\Semillero\PageObjectModel\src\test\resources
2021-06-21 11:09:07,978 [Worker-3: Loading available Gradle versions] INFO  o.e.b.c.i.u.g.PublishedGradleVersions - Gradle version information cache is up-to-date. Trying to read.
2021-06-21 11:10:11,627 [Worker-19: Building] INFO  o.e.m.c.i.l.LifecycleMappingFactory - Using org.eclipse.m2e.jdt.JarLifecycleMapping lifecycle mapping for MavenProject: com.sophossolutions:PageObjectModel:0.0.1-SNAPSHOT @ C:\Users\jonathan.castro\OneDrive - SOPHOS SOLUTIONS SAS\Escritorio\Prueba\Semillero\PageObjectModel\pom.xml.
2021-06-21 11:10:17,350 [Worker-19: Building] WARN  o.e.m.c.i.embedder.EclipseLogger - The POM for com.sun.xml.bind:jaxb-osgi:jar:2.2.10 is invalid, transitive dependencies (if any) will not be available, enable debug logging for more details
2021-06-21 11:11:00,926 [Worker-19: Building] INFO  o.e.m.c.i.embedder.EclipseLogger - Using 'UTF-8' encoding to copy filtered resources.
2021-06-21 11:11:00,927 [Worker-19: Building] INFO  o.e.m.c.i.embedder.EclipseLogger - skip non existing resourceDirectory C:\Users\jonathan.castro\OneDrive - SOPHOS SOLUTIONS SAS\Escritorio\Prueba\Semillero\PageObjectModel\src\main\resources
2021-06-21 11:11:00,930 [Worker-19: Building] INFO  o.e.m.c.i.embedder.EclipseLogger - Using 'UTF-8' encoding to copy filtered resources.
2021-06-21 11:11:00,937 [Worker-19: Building] INFO  o.e.m.c.i.embedder.EclipseLogger - Copying 1 resource
2021-06-21 11:11:19,938 [Worker-9: reload maven project] WARN  o.e.m.c.i.embedder.EclipseLogger - The POM for com.sun.xml.bind:jaxb-osgi:jar:2.2.10 is invalid, transitive dependencies (if any) will not be available, enable debug logging for more details
2021-06-21 11:12:23,694 [Worker-11: Building] INFO  o.e.m.c.i.embedder.EclipseLogger - Using 'UTF-8' encoding to copy filtered resources.
2021-06-21 11:12:23,694 [Worker-11: Building] INFO  o.e.m.c.i.embedder.EclipseLogger - skip non existing resourceDirectory C:\Users\jonathan.castro\OneDrive - SOPHOS SOLUTIONS SAS\Escritorio\Prueba\Semillero\PageObjectModel\src\main\resources
2021-06-21 11:12:23,696 [Worker-11: Building] INFO  o.e.m.c.i.embedder.EclipseLogger - Using 'UTF-8' encoding to copy filtered resources.
2021-06-21 11:12:23,699 [Worker-11: Building] INFO  o.e.m.c.i.embedder.EclipseLogger - Copying 1 resource
2021-06-21 11:13:14,879 [Worker-2: Building] INFO  o.e.m.c.i.embedder.EclipseLogger - Using 'UTF-8' encoding to copy filtered resources.
2021-06-21 11:13:14,881 [Worker-2: Building] INFO  o.e.m.c.i.embedder.EclipseLogger - skip non existing resourceDirectory C:\Users\jonathan.castro\OneDrive - SOPHOS SOLUTIONS SAS\Escritorio\Prueba\Semillero\PageObjectModel\src\main\resources
2021-06-21 11:13:14,883 [Worker-2: Building] INFO  o.e.m.c.i.embedder.EclipseLogger - Using 'UTF-8' encoding to copy filtered resources.
2021-06-21 11:13:14,884 [Worker-2: Building] INFO  o.e.m.c.i.embedder.EclipseLogger - Copying 1 resource
2021-06-21 11:14:54,159 [Worker-10: Building] INFO  o.e.m.c.i.embedder.EclipseLogger - Using 'UTF-8' encoding to copy filtered resources.
2021-06-21 11:14:54,160 [Worker-10: Building] INFO  o.e.m.c.i.embedder.EclipseLogger - skip non existing resourceDirectory C:\Users\jonathan.castro\OneDrive - SOPHOS SOLUTIONS SAS\Escritorio\Prueba\Semillero\PageObjectModel\src\main\resources
2021-06-21 11:14:54,163 [Worker-10: Building] INFO  o.e.m.c.i.embedder.EclipseLogger - Using 'UTF-8' encoding to copy filtered resources.
2021-06-21 11:14:54,164 [Worker-10: Building] INFO  o.e.m.c.i.embedder.EclipseLogger - Copying 1 resource
2021-06-21 11:17:41,018 [Worker-10: Updating Maven Project] INFO  o.e.m.c.i.p.ProjectConfigurationManager - Update started
2021-06-21 11:17:41,763 [Worker-10: Updating Maven Project] INFO  o.e.m.c.i.l.LifecycleMappingFactory - Using org.eclipse.m2e.jdt.JarLifecycleMapping lifecycle mapping for MavenProject: com.sophossolutions:PageObjectModel:0.0.1-SNAPSHOT @ C:\Users\jonathan.castro\OneDrive - SOPHOS SOLUTIONS SAS\Escritorio\Prueba\Semillero\PageObjectModel\pom.xml.
2021-06-21 11:17:42,659 [Worker-10: Updating Maven Project] WARN  o.e.m.c.i.embedder.EclipseLogger - The POM for com.sun.xml.bind:jaxb-osgi:jar:2.2.10 is invalid, transitive dependencies (if any) will not be available, enable debug logging for more details
2021-06-21 11:17:45,143 [Worker-10: Updating Maven Project] INFO  o.e.m.j.i.AbstractJavaProjectConfigurator - Adding source folder /PageObjectModel/src/main/java
2021-06-21 11:17:45,148 [Worker-10: Updating Maven Project] INFO  o.e.m.j.i.AbstractJavaProjectConfigurator - Adding source folder /PageObjectModel/src/test/java
2021-06-21 11:17:45,152 [Worker-10: Updating Maven Project] INFO  o.e.m.j.i.AbstractJavaProjectConfigurator - Adding resource folder /PageObjectModel/src/test/resources
2021-06-21 11:17:47,380 [Worker-10: Updating Maven Project] INFO  o.e.m.c.i.p.ProjectConfigurationManager - Update completed: 6 sec
2021-06-21 11:17:48,972 [Worker-22: Building] WARN  o.e.m.c.i.embedder.EclipseLogger - The POM for com.sun.xml.bind:jaxb-osgi:jar:2.2.10 is invalid, transitive dependencies (if any) will not be available, enable debug logging for more details
2021-06-21 11:17:49,732 [Worker-22: Building] INFO  o.e.m.c.i.embedder.EclipseLogger - Using 'UTF-8' encoding to copy filtered resources.
2021-06-21 11:17:49,732 [Worker-22: Building] INFO  o.e.m.c.i.embedder.EclipseLogger - skip non existing resourceDirectory C:\Users\jonathan.castro\OneDrive - SOPHOS SOLUTIONS SAS\Escritorio\Prueba\Semillero\PageObjectModel\src\main\resources
2021-06-21 11:17:49,736 [Worker-22: Building] INFO  o.e.m.c.i.embedder.EclipseLogger - Using 'UTF-8' encoding to copy filtered resources.
2021-06-21 11:17:49,737 [Worker-22: Building] INFO  o.e.m.c.i.embedder.EclipseLogger - Copying 1 resource
2021-06-21 11:24:43,306 [Worker-25: Building] INFO  o.e.m.c.i.embedder.EclipseLogger - Using 'UTF-8' encoding to copy filtered resources.
2021-06-21 11:24:43,307 [Worker-25: Building] INFO  o.e.m.c.i.embedder.EclipseLogger - skip non existing resourceDirectory C:\Users\jonathan.castro\OneDrive - SOPHOS SOLUTIONS SAS\Escritorio\Prueba\Semillero\PageObjectModel\src\main\resources
2021-06-21 11:24:43,310 [Worker-25: Building] INFO  o.e.m.c.i.embedder.EclipseLogger - Using 'UTF-8' encoding to copy filtered resources.
2021-06-21 11:24:43,312 [Worker-25: Building] INFO  o.e.m.c.i.embedder.EclipseLogger - Copying 1 resource
2021-06-21 11:25:04,460 [Worker-20: Building] INFO  o.e.m.c.i.embedder.EclipseLogger - Using 'UTF-8' encoding to copy filtered resources.
2021-06-21 11:25:04,461 [Worker-20: Building] INFO  o.e.m.c.i.embedder.EclipseLogger - skip non existing resourceDirectory C:\Users\jonathan.castro\OneDrive - SOPHOS SOLUTIONS SAS\Escritorio\Prueba\Semillero\PageObjectModel\src\main\resources
2021-06-21 11:25:04,464 [Worker-20: Building] INFO  o.e.m.c.i.embedder.EclipseLogger - Using 'UTF-8' encoding to copy filtered resources.
2021-06-21 11:25:04,465 [Worker-20: Building] INFO  o.e.m.c.i.embedder.EclipseLogger - Copying 1 resource
2021-06-21 11:25:23,740 [Worker-27: Building] INFO  o.e.m.c.i.embedder.EclipseLogger - Using 'UTF-8' encoding to copy filtered resources.
2021-06-21 11:25:23,741 [Worker-27: Building] INFO  o.e.m.c.i.embedder.EclipseLogger - skip non existing resourceDirectory C:\Users\jonathan.castro\OneDrive - SOPHOS SOLUTIONS SAS\Escritorio\Prueba\Semillero\PageObjectModel\src\main\resources
2021-06-21 11:25:23,743 [Worker-27: Building] INFO  o.e.m.c.i.embedder.EclipseLogger - Using 'UTF-8' encoding to copy filtered resources.
2021-06-21 11:25:23,744 [Worker-27: Building] INFO  o.e.m.c.i.embedder.EclipseLogger - Copying 1 resource
